"E:/UnrealProjects/Saiyora/Content/AnimStarterPack/UE4_Mannequin/Mesh/UE4_Mannequin_Skeleton.uasset" 0
"E:/UnrealProjects/Saiyora/Content/AnimStarterPack/Aim_Space_Hip.uasset" 1
"E:/UnrealProjects/Saiyora/Content/AnimStarterPack/Aim_Space_Ironsights.uasset" 2
"E:/UnrealProjects/Saiyora/Content/AnimStarterPack/Crouch_to_Stand_Rifle_Hip.uasset" 3
"E:/UnrealProjects/Saiyora/Content/AnimStarterPack/Crouch_to_Stand_Rifle_Ironsights.uasset" 4
"E:/UnrealProjects/Saiyora/Content/AnimStarterPack/Crouch_Walk_Bwd_Rifle_Ironsights.uasset" 5
"E:/UnrealProjects/Saiyora/Content/AnimStarterPack/Crouch_Walk_Lt_Rifle_Ironsights.uasset" 6
"E:/UnrealProjects/Saiyora/Content/AnimStarterPack/Crouch_Walk_Rt_Rifle_Ironsights.uasset" 7
"E:/UnrealProjects/Saiyora/Content/AnimStarterPack/Death_1.uasset" 8
"E:/UnrealProjects/Saiyora/Content/AnimStarterPack/Death_2.uasset" 9
"E:/UnrealProjects/Saiyora/Content/AnimStarterPack/Death_3.uasset" 10
"E:/UnrealProjects/Saiyora/Content/AnimStarterPack/Death_Ironsights_1.uasset" 11
"E:/UnrealProjects/Saiyora/Content/AnimStarterPack/Death_Ironsights_2.uasset" 12
"E:/UnrealProjects/Saiyora/Content/AnimStarterPack/Equip_Rifle_Standing.uasset" 13
"E:/UnrealProjects/Saiyora/Content/AnimStarterPack/Fire_Rifle_Hip.uasset" 14
"E:/UnrealProjects/Saiyora/Content/AnimStarterPack/Fire_Shotgun_Hip.uasset" 15
"E:/UnrealProjects/Saiyora/Content/AnimStarterPack/Fire_Shotgun_Ironsights.uasset" 16
"E:/UnrealProjects/Saiyora/Content/AnimStarterPack/Hit_React_4.uasset" 17
"E:/UnrealProjects/Saiyora/Content/AnimStarterPack/Idle_Pistol.uasset" 18
"E:/UnrealProjects/Saiyora/Content/AnimStarterPack/Idle_Rifle_Ironsights.uasset" 19
"E:/UnrealProjects/Saiyora/Content/AnimStarterPack/Jump_From_Stand_Ironsights.uasset" 20
"E:/UnrealProjects/Saiyora/Content/AnimStarterPack/Prone_Death_1.uasset" 21
"E:/UnrealProjects/Saiyora/Content/AnimStarterPack/Prone_Death_2.uasset" 22
"E:/UnrealProjects/Saiyora/Content/AnimStarterPack/Prone_Fire_1.uasset" 23
"E:/UnrealProjects/Saiyora/Content/AnimStarterPack/Prone_Fire_2.uasset" 24
"E:/UnrealProjects/Saiyora/Content/AnimStarterPack/Prone_Idle.uasset" 25
"E:/UnrealProjects/Saiyora/Content/AnimStarterPack/Prone_Reload_Rifle.uasset" 26
"E:/UnrealProjects/Saiyora/Content/AnimStarterPack/Prone_Reload_Shotgun.uasset" 27
"E:/UnrealProjects/Saiyora/Content/AnimStarterPack/Prone_To_Stand.uasset" 28
"E:/UnrealProjects/Saiyora/Content/AnimStarterPack/Reload_Pistol.uasset" 29
"E:/UnrealProjects/Saiyora/Content/AnimStarterPack/Reload_Rifle_Ironsights.uasset" 30
"E:/UnrealProjects/Saiyora/Content/AnimStarterPack/Reload_Shotgun_Hip.uasset" 31
"E:/UnrealProjects/Saiyora/Content/AnimStarterPack/Reload_Shotgun_Ironsights.uasset" 32
"E:/UnrealProjects/Saiyora/Content/AnimStarterPack/Sprint_Fwd_Rifle.uasset" 33
"E:/UnrealProjects/Saiyora/Content/AnimStarterPack/Stand_to_Crouch_Rifle_Hip.uasset" 34
"E:/UnrealProjects/Saiyora/Content/AnimStarterPack/Stand_to_Crouch_Rifle_Ironsights.uasset" 35
"E:/UnrealProjects/Saiyora/Content/AnimStarterPack/Stand_To_Prone.uasset" 36
"E:/UnrealProjects/Saiyora/Content/AnimStarterPack/Walk_Bwd_Rifle_Ironsights.uasset" 37
"E:/UnrealProjects/Saiyora/Content/AnimStarterPack/Walk_Lt_Rifle_Ironsights.uasset" 38
"E:/UnrealProjects/Saiyora/Content/AnimStarterPack/Walk_Rt_Rifle_Ironsights.uasset" 39
"E:/UnrealProjects/Saiyora/Content/Marketplace/MazeCreator/Materials/Wall.uasset" 40
"E:/UnrealProjects/Saiyora/Content/Marketplace/MazeCreator/Meshes/WallNoOverlaps.uasset" 41
"E:/UnrealProjects/Saiyora/Content/Marketplace/MazeCreator/Meshes/Wall.uasset" 42
"E:/UnrealProjects/Saiyora/Content/Marketplace/MazeCreator/Materials/Floor.uasset" 43
"E:/UnrealProjects/Saiyora/Content/Marketplace/MazeCreator/Meshes/Floor.uasset" 44
"E:/UnrealProjects/Saiyora/Content/Marketplace/MazeCreator/Meshes/Corner.uasset" 45
"E:/UnrealProjects/Saiyora/Content/Marketplace/MazeCreator/Blueprints/RoomProperties.uasset" 46
"../../../Engine/Content/EditorBlueprintResources/StandardMacros.uasset" 47
"E:/UnrealProjects/Saiyora/Content/Marketplace/MazeCreator/Blueprints/MazeCreator.uasset" 48
"E:/UnrealProjects/Saiyora/Content/Marketplace/MazeCreator/Blueprints/BP_MazeTest.uasset" 49
"E:/UnrealProjects/Saiyora/Content/Marketplace/SuperGrid/StarterPack/Materials/Functions/Basic/BreakSet.uasset" 50
"E:/UnrealProjects/Saiyora/Content/Marketplace/SuperGrid/StarterPack/Materials/Functions/Texture/Dye_SingleColor.uasset" 51
"E:/UnrealProjects/Saiyora/Content/Marketplace/SuperGrid/StarterPack/Source/Textures/T_BasicGrid_N.uasset" 52
"E:/UnrealProjects/Saiyora/Content/Marketplace/SuperGrid/StarterPack/Source/Textures/T_BasicGrid_M.uasset" 53
"E:/UnrealProjects/Saiyora/Content/Marketplace/SuperGrid/StarterPack/Materials/Functions/UV/UV_SetupGrid.uasset" 54
"E:/UnrealProjects/Saiyora/Content/Marketplace/SuperGrid/StarterPack/Materials/Functions/Texture/Tex_SimpleGrid.uasset" 55
"E:/UnrealProjects/Saiyora/Content/Marketplace/SuperGrid/StarterPack/Materials/Functions/Basic/Roughness.uasset" 56
"../../../Engine/Content/Functions/Engine_MaterialFunctions02/Utility/MakeFloat3.uasset" 57
"E:/UnrealProjects/Saiyora/Content/Marketplace/SuperGrid/StarterPack/Materials/Functions/Basic/MakeSet.uasset" 58
"../../../Engine/Content/Functions/Engine_MaterialFunctions02/Utility/VectorLength.uasset" 59
"../../../Engine/Content/Functions/Engine_MaterialFunctions02/WorldPositionOffset/ObjectScale.uasset" 60
"../../../Engine/Content/Functions/Engine_MaterialFunctions02/Utility/BreakOutFloat3Components.uasset" 61
"../../../Engine/Content/Functions/Engine_MaterialFunctions02/Utility/Sign.uasset" 62
"../../../Engine/Content/Functions/Engine_MaterialFunctions02/Utility/Round.uasset" 63
"E:/UnrealProjects/Saiyora/Content/Marketplace/SuperGrid/StarterPack/Materials/Functions/UV/UV_ObjectScalable.uasset" 64
"E:/UnrealProjects/Saiyora/Content/Marketplace/SuperGrid/StarterPack/Materials/Base/M_SuperGrid_SingleColor.uasset" 65
"E:/UnrealProjects/Saiyora/Content/Marketplace/SuperGrid/StarterPack/Materials/Palette/Grids/M_SuperGrid_Default.uasset" 66
"E:/UnrealProjects/Saiyora/Content/Marketplace/SuperGrid/StarterPack/Source/Meshes/SuperGrid_BoxCentered.uasset" 67
"E:/UnrealProjects/Saiyora/Content/Marketplace/SuperGrid/StarterPack/Source/Meshes/SuperGrid_Box.uasset" 68
"E:/UnrealProjects/Saiyora/Content/Marketplace/SuperGrid/StarterPack/Blueprints/SuperGrid_DynamicStairs.uasset" 69
"E:/UnrealProjects/Saiyora/Content/Marketplace/SuperGrid/StarterPack/Source/Textures/Templates/T_SGLogo.uasset" 70
"E:/UnrealProjects/Saiyora/Content/Marketplace/SuperGrid/StarterPack/Materials/Palette/Grids/M_SuperGrid_DefaultBlack.uasset" 71
"E:/UnrealProjects/Saiyora/Content/Marketplace/SuperGrid/StarterPack/Blueprints/S_SuperGridGroup.uasset" 72
"E:/UnrealProjects/Saiyora/Content/Marketplace/SuperGrid/StarterPack/Source/Textures/Templates/T_SGGroup.uasset" 73
"E:/UnrealProjects/Saiyora/Content/Marketplace/SuperGrid/StarterPack/Blueprints/SuperGridAssetInterface.uasset" 74
"E:/UnrealProjects/Saiyora/Content/Marketplace/SuperGrid/StarterPack/Blueprints/SuperGrid_Group.uasset" 75
"E:/UnrealProjects/Saiyora/Content/Marketplace/SuperGrid/StarterPack/Blueprints/SuperGrid_Master.uasset" 76
"E:/UnrealProjects/Saiyora/Content/Marketplace/SuperGrid/StarterPack/Source/Meshes/SuperGrid_CylinderFull.uasset" 77
"E:/UnrealProjects/Saiyora/Content/Marketplace/SuperGrid/StarterPack/Materials/Functions/Basic/Layout_WorldSides.uasset" 78
"E:/UnrealProjects/Saiyora/Content/Marketplace/SuperGrid/StarterPack/Materials/Functions/Basic/Layout_LocalSides.uasset" 79
"E:/UnrealProjects/Saiyora/Content/Marketplace/SuperGrid/StarterPack/Materials/Base/M_SuperGrid_Orientation.uasset" 80
"E:/UnrealProjects/Saiyora/Content/Marketplace/SuperGrid/StarterPack/Materials/Palette/Advanced/M_SuperGrid_Auto.uasset" 81
"E:/UnrealProjects/Saiyora/Content/Marketplace/SuperGrid/StarterPack/Blueprints/SuperGrid_Wall.uasset" 82
"E:/UnrealProjects/Saiyora/Content/Marketplace/SuperGrid/StarterPack/Materials/Functions/Texture/Dye_MultiColor.uasset" 83
"E:/UnrealProjects/Saiyora/Content/Marketplace/SuperGrid/StarterPack/Materials/Base/M_Tutorial.uasset" 84
"E:/UnrealProjects/Saiyora/Content/Marketplace/SuperGrid/StarterPack/Materials/Functions/Texture/Dye_4ColorBasic.uasset" 85
"E:/UnrealProjects/Saiyora/Content/Marketplace/SuperGrid/StarterPack/Materials/Functions/UV/UV_WorldScalable.uasset" 86
"E:/UnrealProjects/Saiyora/Content/Marketplace/SuperGrid/StarterPack/Source/Textures/T_ConcreteWall_R.uasset" 87
"E:/UnrealProjects/Saiyora/Content/Marketplace/SuperGrid/StarterPack/Source/Textures/T_ConcreteWall_N.uasset" 88
"E:/UnrealProjects/Saiyora/Content/Marketplace/SuperGrid/StarterPack/Source/Textures/T_ConcreteWall_M.uasset" 89
"E:/UnrealProjects/Saiyora/Content/Marketplace/SuperGrid/StarterPack/Materials/Base/M_SuperGrid_Architectural.uasset" 90
"E:/UnrealProjects/Saiyora/Content/Marketplace/SuperGrid/StarterPack/Materials/Palette/Advanced/M_SuperGrid_Architectural_Black.uasset" 91
"E:/UnrealProjects/Saiyora/Content/Marketplace/SuperGrid/StarterPack/Source/Textures/T_HexagonRandom.uasset" 92
"E:/UnrealProjects/Saiyora/Content/Marketplace/SuperGrid/StarterPack/Source/Textures/T_Hexagon_N.uasset" 93
"E:/UnrealProjects/Saiyora/Content/Marketplace/SuperGrid/StarterPack/Materials/Functions/UV/UV_CustomTexture.uasset" 94
"E:/UnrealProjects/Saiyora/Content/Marketplace/SuperGrid/StarterPack/Materials/Base/M_SuperGrid_Hexagon.uasset" 95
"E:/UnrealProjects/Saiyora/Content/Marketplace/SuperGrid/StarterPack/Materials/Palette/Advanced/M_SuperGrid_HexagonOrange.uasset" 96
"E:/UnrealProjects/Saiyora/Content/Marketplace/SuperGrid/StarterPack/Materials/Palette/Advanced/M_SuperGrid_HexagonOrangeC.uasset" 97
"E:/UnrealProjects/Saiyora/Content/Marketplace/SuperGrid/StarterPack/Materials/Palette/Advanced/M_SuperGrid_HexagonRed.uasset" 98
"E:/UnrealProjects/Saiyora/Content/Marketplace/SuperGrid/StarterPack/Source/Textures/T_CustomMetal_N.uasset" 99
"E:/UnrealProjects/Saiyora/Content/Marketplace/SuperGrid/StarterPack/Source/Textures/T_CustomMetal_M.uasset" 100
"../../../Engine/Content/Functions/Engine_MaterialFunctions02/Utility/BreakOutFloat2Components.uasset" 101
"E:/UnrealProjects/Saiyora/Content/Marketplace/SuperGrid/StarterPack/Materials/Base/M_SuperGrid_MetalCustom.uasset" 102
"E:/UnrealProjects/Saiyora/Content/Marketplace/SuperGrid/StarterPack/Materials/Palette/Advanced/M_SuperGrid_MetalBar_Dark.uasset" 103
"E:/UnrealProjects/Saiyora/Content/Marketplace/SuperGrid/StarterPack/Materials/Palette/Advanced/M_SuperGrid_MetalBar_White.uasset" 104
"E:/UnrealProjects/Saiyora/Content/Marketplace/SuperGrid/StarterPack/Source/Textures/T_ModernGrid_N.uasset" 105
"E:/UnrealProjects/Saiyora/Content/Marketplace/SuperGrid/StarterPack/Source/Textures/T_ModernGrid_M.uasset" 106
"E:/UnrealProjects/Saiyora/Content/Marketplace/SuperGrid/StarterPack/Materials/Base/M_SuperGrid_Modern.uasset" 107
"E:/UnrealProjects/Saiyora/Content/Marketplace/SuperGrid/StarterPack/Materials/Palette/Advanced/M_SuperGrid_ModernDark.uasset" 108
"E:/UnrealProjects/Saiyora/Content/Marketplace/SuperGrid/StarterPack/Materials/Palette/Advanced/M_SuperGrid_ModernLight.uasset" 109
"E:/UnrealProjects/Saiyora/Content/Marketplace/SuperGrid/StarterPack/Materials/Palette/Advanced/M_SuperGrid_ModernNeutral.uasset" 110
"E:/UnrealProjects/Saiyora/Content/Marketplace/SuperGrid/StarterPack/Source/Textures/T_Panels_N.uasset" 111
"E:/UnrealProjects/Saiyora/Content/Marketplace/SuperGrid/StarterPack/Source/Textures/T_Panels_M.uasset" 112
"E:/UnrealProjects/Saiyora/Content/Marketplace/SuperGrid/StarterPack/Materials/Base/M_SuperGrid_PanelCustom.uasset" 113
"E:/UnrealProjects/Saiyora/Content/Marketplace/SuperGrid/StarterPack/Materials/Palette/Advanced/M_SuperGrid_PanelDark.uasset" 114
"E:/UnrealProjects/Saiyora/Content/Marketplace/SuperGrid/StarterPack/Materials/Palette/Advanced/M_SuperGrid_PanelRed.uasset" 115
"E:/UnrealProjects/Saiyora/Content/Marketplace/SuperGrid/StarterPack/Materials/Palette/Advanced/M_SuperGrid_PanelWhite.uasset" 116
"E:/UnrealProjects/Saiyora/Content/Marketplace/SuperGrid/StarterPack/Source/Textures/T_DotGrid_N.uasset" 117
"E:/UnrealProjects/Saiyora/Content/Marketplace/SuperGrid/StarterPack/Source/Textures/T_DotGrid_M.uasset" 118
"../../../Engine/Content/Functions/Engine_MaterialFunctions02/Utility/LinearSine.uasset" 119
"E:/UnrealProjects/Saiyora/Content/Marketplace/SuperGrid/StarterPack/Materials/Base/M_SuperGrid_Glowing_MultiColor.uasset" 120
"E:/UnrealProjects/Saiyora/Content/Marketplace/SuperGrid/StarterPack/Source/Textures/T_StoneGrid_N.uasset" 121
"E:/UnrealProjects/Saiyora/Content/Marketplace/SuperGrid/StarterPack/Source/Textures/T_StoneGrid_M.uasset" 122
"E:/UnrealProjects/Saiyora/Content/Marketplace/SuperGrid/StarterPack/Materials/Palette/Basic/M_SuperGrid_GlowingLava.uasset" 123
"E:/UnrealProjects/Saiyora/Content/Marketplace/SuperGrid/StarterPack/Materials/Palette/Basic/M_SuperGrid_MetalDark.uasset" 124
"E:/UnrealProjects/Saiyora/Content/Marketplace/SuperGrid/StarterPack/Materials/Palette/Basic/M_SuperGrid_MetalDark3.uasset" 125
"E:/UnrealProjects/Saiyora/Content/Marketplace/SuperGrid/StarterPack/Materials/Palette/Basic/M_SuperGrid_MetalGlow.uasset" 126
"E:/UnrealProjects/Saiyora/Content/Marketplace/SuperGrid/StarterPack/Materials/Palette/Basic/M_SuperGrid_MetalLight.uasset" 127
"E:/UnrealProjects/Saiyora/Content/Marketplace/SuperGrid/StarterPack/Materials/Palette/Basic/M_SuperGrid_Soil.uasset" 128
"E:/UnrealProjects/Saiyora/Content/Marketplace/SuperGrid/StarterPack/Materials/Palette/Basic/M_SuperGrid_Stone.uasset" 129
"E:/UnrealProjects/Saiyora/Content/Marketplace/SuperGrid/StarterPack/Materials/Palette/Grids/M_SuperGrid_BlackSheet.uasset" 130
"E:/UnrealProjects/Saiyora/Content/Marketplace/SuperGrid/StarterPack/Materials/Palette/Grids/M_SuperGrid_Chess.uasset" 131
"E:/UnrealProjects/Saiyora/Content/Marketplace/SuperGrid/StarterPack/Materials/Base/M_SuperGrid_MultiColor.uasset" 132
"E:/UnrealProjects/Saiyora/Content/Marketplace/SuperGrid/StarterPack/Materials/Palette/Grids/M_SuperGrid_DangerZone.uasset" 133
"E:/UnrealProjects/Saiyora/Content/Marketplace/SuperGrid/StarterPack/Materials/Palette/Grids/M_SuperGrid_DoubleColor.uasset" 134
"E:/UnrealProjects/Saiyora/Content/Marketplace/SuperGrid/StarterPack/Materials/Palette/Grids/M_SuperGrid_White.uasset" 135
"E:/UnrealProjects/Saiyora/Content/Marketplace/SuperGrid/StarterPack/Source/Textures/T_Distortion_N.uasset" 136
"E:/UnrealProjects/Saiyora/Content/Marketplace/SuperGrid/StarterPack/Materials/Functions/UV/UV_CustomPanner.uasset" 137
"../../../Engine/Content/Functions/Engine_MaterialFunctions02/Utility/Sine_Remapped.uasset" 138
"E:/UnrealProjects/Saiyora/Content/Marketplace/SuperGrid/StarterPack/Materials/Base/M_SuperGrid_HoloRefract.uasset" 139
"E:/UnrealProjects/Saiyora/Content/Marketplace/SuperGrid/StarterPack/Materials/Palette/Holographic/M_SuperGrid_HoloRefract_Cyan.uasset" 140
"E:/UnrealProjects/Saiyora/Content/Marketplace/SuperGrid/StarterPack/Materials/Base/M_SuperGrid_Holographic.uasset" 141
"E:/UnrealProjects/Saiyora/Content/Marketplace/SuperGrid/StarterPack/Materials/Palette/Holographic/M_SuperGrid_Holo_Color.uasset" 142
"E:/UnrealProjects/Saiyora/Content/Marketplace/SuperGrid/StarterPack/Materials/Palette/Holographic/M_SuperGrid_Holo_Mono.uasset" 143
"E:/UnrealProjects/Saiyora/Content/Marketplace/SuperGrid/StarterPack/Source/Textures/Templates/T_TemplateHuman.uasset" 144
"E:/UnrealProjects/Saiyora/Content/Marketplace/SuperGrid/StarterPack/Source/Textures/Templates/T_TemplateGrid.uasset" 145
"E:/UnrealProjects/Saiyora/Content/Marketplace/SuperGrid/StarterPack/Materials/Base/M_SuperGrid_Template.uasset" 146
"E:/UnrealProjects/Saiyora/Content/Marketplace/SuperGrid/StarterPack/Source/Textures/Templates/T_TemplateBarrel.uasset" 147
"E:/UnrealProjects/Saiyora/Content/Marketplace/SuperGrid/StarterPack/Materials/Palette/Templates/M_SuperGrid_Barrel.uasset" 148
"E:/UnrealProjects/Saiyora/Content/Marketplace/SuperGrid/StarterPack/Source/Textures/Templates/T_TemplateLlama.uasset" 149
"E:/UnrealProjects/Saiyora/Content/Marketplace/SuperGrid/StarterPack/Materials/Palette/Templates/M_SuperGrid_Llama.uasset" 150
"E:/UnrealProjects/Saiyora/Content/Marketplace/SuperGrid/StarterPack/Materials/Palette/Templates/M_SuperGrid_Te_Human.uasset" 151
"E:/UnrealProjects/Saiyora/Content/Marketplace/SuperGrid/StarterPack/Source/Meshes/SuperGrid_Arch2.uasset" 152
"E:/UnrealProjects/Saiyora/Content/Marketplace/SuperGrid/StarterPack/Source/Meshes/SuperGrid_BoxHighRes.uasset" 153
"E:/UnrealProjects/Saiyora/Content/Marketplace/SuperGrid/StarterPack/Source/Meshes/SuperGrid_Cone.uasset" 154
"E:/UnrealProjects/Saiyora/Content/Marketplace/SuperGrid/StarterPack/Source/Meshes/SuperGrid_CornerInner.uasset" 155
"E:/UnrealProjects/Saiyora/Content/Marketplace/SuperGrid/StarterPack/Source/Meshes/SuperGrid_CornerOuter.uasset" 156
"E:/UnrealProjects/Saiyora/Content/Marketplace/SuperGrid/StarterPack/Source/Meshes/SuperGrid_CylinderBend.uasset" 157
"E:/UnrealProjects/Saiyora/Content/Marketplace/SuperGrid/StarterPack/Source/Meshes/SuperGrid_CylinderQuarter.uasset" 158
"E:/UnrealProjects/Saiyora/Content/Marketplace/SuperGrid/StarterPack/Source/Meshes/SuperGrid_Hexagon.uasset" 159
"E:/UnrealProjects/Saiyora/Content/Marketplace/SuperGrid/StarterPack/Source/Textures/T_BasicGridW_M.uasset" 160
"E:/UnrealProjects/Saiyora/Content/Marketplace/SuperGrid/StarterPack/Materials/Palette/Grids/M_SuperGrid_Walkable.uasset" 161
"E:/UnrealProjects/Saiyora/Content/Marketplace/SuperGrid/StarterPack/Source/Meshes/SuperGrid_Ramp.uasset" 162
"E:/UnrealProjects/Saiyora/Content/Marketplace/SuperGrid/StarterPack/Source/Meshes/SuperGrid_RingFull.uasset" 163
"E:/UnrealProjects/Saiyora/Content/Marketplace/SuperGrid/StarterPack/Source/Meshes/SuperGrid_RingPiece.uasset" 164
"E:/UnrealProjects/Saiyora/Content/Marketplace/SuperGrid/StarterPack/Source/Meshes/SuperGrid_SlantedBox22.uasset" 165
"E:/UnrealProjects/Saiyora/Content/Marketplace/SuperGrid/StarterPack/Source/Meshes/SuperGrid_SlantedBox35.uasset" 166
"E:/UnrealProjects/Saiyora/Content/Marketplace/SuperGrid/StarterPack/Source/Meshes/SuperGrid_SlantedBox45.uasset" 167
"E:/UnrealProjects/Saiyora/Content/Marketplace/SuperGrid/StarterPack/Source/Textures/T_Hexagon_M.uasset" 168
"E:/UnrealProjects/Saiyora/Content/Saiyora/Experiments/BP_Energy.uasset" 169
"E:/UnrealProjects/Saiyora/Content/StarterContent/Textures/T_Smoke_Tiled_D.uasset" 170
"E:/UnrealProjects/Saiyora/Content/StarterContent/Textures/T_Smoke_SubUV.uasset" 171
"E:/UnrealProjects/Saiyora/Content/StarterContent/Particles/Materials/M_smoke_subUV.uasset" 172
"../../../Engine/Content/Functions/Engine_MaterialFunctions01/Gradient/RadialGradient.uasset" 173
"E:/UnrealProjects/Saiyora/Content/StarterContent/Particles/Materials/M_radial_ramp.uasset" 174
"E:/UnrealProjects/Saiyora/Content/StarterContent/Particles/Materials/m_flare_01.uasset" 175
"E:/UnrealProjects/Saiyora/Content/StarterContent/Textures/T_Explosion_SubUV.uasset" 176
"E:/UnrealProjects/Saiyora/Content/StarterContent/Particles/Materials/M_explosion_subUV.uasset" 177
"E:/UnrealProjects/Saiyora/Content/StarterContent/Textures/T_Burst_M.uasset" 178
"E:/UnrealProjects/Saiyora/Content/StarterContent/Particles/Materials/M_Burst.uasset" 179
"E:/UnrealProjects/Saiyora/Content/StarterContent/Particles/P_Explosion.uasset" 180
"E:/UnrealProjects/Saiyora/Content/Saiyora/Experiments/E_ResourceRechargeAction.uasset" 181
"E:/UnrealProjects/Saiyora/Content/Saiyora/Experiments/BP_RegeneratingResource.uasset" 182
"E:/UnrealProjects/Saiyora/Content/Saiyora/Experiments/BP_Mana.uasset" 183
"E:/UnrealProjects/Saiyora/Content/Saiyora/Experiments/TestWeapon.uasset" 184
"../../../Engine/Content/EngineResources/AICON-Green.uasset" 185
"E:/UnrealProjects/Saiyora/Content/AnimStarterPack/UE4_Mannequin/Mesh/SK_Mannequin_PhysicsAsset.uasset" 186
"E:/UnrealProjects/Saiyora/Content/AnimStarterPack/UE4_Mannequin/Textures/UE4Man_Logo_N.uasset" 187
"E:/UnrealProjects/Saiyora/Content/AnimStarterPack/UE4_Mannequin/Textures/UE4_Mannequin_occlusion_Mobile.uasset" 188
"E:/UnrealProjects/Saiyora/Content/AnimStarterPack/UE4_Mannequin/Textures/UE4_Mannequin_MAT_MASKA.uasset" 189
"E:/UnrealProjects/Saiyora/Content/AnimStarterPack/UE4_Mannequin/Textures/UE4_Mannequin__normals.uasset" 190
"E:/UnrealProjects/Saiyora/Content/AnimStarterPack/UE4_Mannequin/Materials/MaterialLayers/T_ML_Aluminum01_N.uasset" 191
"E:/UnrealProjects/Saiyora/Content/AnimStarterPack/UE4_Mannequin/Materials/MaterialLayers/T_ML_Aluminum01.uasset" 192
"E:/UnrealProjects/Saiyora/Content/AnimStarterPack/UE4_Mannequin/Materials/MaterialLayers/ML_SoftMetal_UE4.uasset" 193
"E:/UnrealProjects/Saiyora/Content/AnimStarterPack/UE4_Mannequin/Textures/UE4_LOGO_CARD.uasset" 194
"E:/UnrealProjects/Saiyora/Content/AnimStarterPack/UE4_Mannequin/Materials/MaterialLayers/ML_Plastic_Shiny_Beige_LOGO.uasset" 195
"E:/UnrealProjects/Saiyora/Content/AnimStarterPack/UE4_Mannequin/Materials/MaterialLayers/ML_Plastic_Shiny_Beige.uasset" 196
"E:/UnrealProjects/Saiyora/Content/AnimStarterPack/UE4_Mannequin/Materials/MaterialLayers/T_ML_Rubber_Blue_01_N.uasset" 197
"E:/UnrealProjects/Saiyora/Content/AnimStarterPack/UE4_Mannequin/Materials/MaterialLayers/T_ML_Rubber_Blue_01_D.uasset" 198
"E:/UnrealProjects/Saiyora/Content/AnimStarterPack/UE4_Mannequin/Materials/MaterialLayers/ML_GlossyBlack_Latex_UE4.uasset" 199
"../../../Engine/Content/Functions/MaterialLayerFunctions/MatLayerBlend_Simple.uasset" 200
"../../../Engine/Content/Functions/Engine_MaterialFunctions02/Utility/BlendAngleCorrectedNormals.uasset" 201
"../../../Engine/Content/Functions/MaterialLayerFunctions/MatLayerBlend_NormalBlend.uasset" 202
"../../../Engine/Content/Functions/MaterialLayerFunctions/MatLayerBlend_AO.uasset" 203
"E:/UnrealProjects/Saiyora/Content/AnimStarterPack/UE4_Mannequin/Materials/M_UE4Man_Body.uasset" 204
"E:/UnrealProjects/Saiyora/Content/AnimStarterPack/UE4_Mannequin/Materials/M_UE4Man_ChestLogo.uasset" 205
"E:/UnrealProjects/Saiyora/Content/AnimStarterPack/UE4_Mannequin/Mesh/SK_Mannequin.uasset" 206
"../../../Engine/Content/EditorBlueprintResources/ActorMacros.uasset" 207
"E:/UnrealProjects/Saiyora/Content/Saiyora/Player/BPI_Controlled.uasset" 208
"E:/UnrealProjects/Saiyora/Content/AnimStarterPack/Crouch_Walk_Bwd_Rifle_Hip.uasset" 209
"E:/UnrealProjects/Saiyora/Content/AnimStarterPack/Crouch_Walk_Fwd_Rifle_Hip.uasset" 210
"E:/UnrealProjects/Saiyora/Content/AnimStarterPack/Crouch_Walk_Lt_Rifle_Hip.uasset" 211
"E:/UnrealProjects/Saiyora/Content/AnimStarterPack/Crouch_Walk_Rt_Rifle_Hip.uasset" 212
"E:/UnrealProjects/Saiyora/Content/AnimStarterPack/BS_CrouchWalk.uasset" 213
"E:/UnrealProjects/Saiyora/Content/AnimStarterPack/Jog_Bwd_Rifle.uasset" 214
"E:/UnrealProjects/Saiyora/Content/AnimStarterPack/Jog_Fwd_Rifle.uasset" 215
"E:/UnrealProjects/Saiyora/Content/AnimStarterPack/Jog_Lt_Rifle.uasset" 216
"E:/UnrealProjects/Saiyora/Content/AnimStarterPack/Jog_Rt_Rifle.uasset" 217
"E:/UnrealProjects/Saiyora/Content/AnimStarterPack/BS_Jog.uasset" 218
"E:/UnrealProjects/Saiyora/Content/AnimStarterPack/Crouch_Idle_Rifle_Hip.uasset" 219
"../../../Engine/Content/Animation/DefaultAnimBoneCompressionSettings.uasset" 220
"E:/UnrealProjects/Saiyora/Content/AnimStarterPack/SaiyoraJumpStart.uasset" 221
"E:/UnrealProjects/Saiyora/Content/AnimStarterPack/SaiyoraJumpLoop.uasset" 222
"E:/UnrealProjects/Saiyora/Content/AnimStarterPack/SaiyoraJumpEnd.uasset" 223
"E:/UnrealProjects/Saiyora/Content/AnimStarterPack/Idle_Rifle_Hip.uasset" 224
"E:/UnrealProjects/Saiyora/Content/Saiyora/Player/ABP_CombatPlayer.uasset" 225
"E:/UnrealProjects/Saiyora/Content/Saiyora/Experiments/TestSMG.uasset" 226
"E:/UnrealProjects/Saiyora/Content/Saiyora/Experiments/TestPistol.uasset" 227
"../../../Engine/Content/EditorMaterials/Cascade/CASC_ModuleDisable.uasset" 228
"E:/UnrealProjects/Saiyora/Content/StarterContent/Textures/T_Brick_Clay_New_N.uasset" 229
"E:/UnrealProjects/Saiyora/Content/StarterContent/Particles/Materials/M_Radial_Gradient.uasset" 230
"E:/UnrealProjects/Saiyora/Content/StarterContent/Textures/T_Water_N.uasset" 231
"E:/UnrealProjects/Saiyora/Content/StarterContent/Particles/Materials/M_Heat_Distortion.uasset" 232
"E:/UnrealProjects/Saiyora/Content/StarterContent/Textures/T_Fire_Tiled_D.uasset" 233
"E:/UnrealProjects/Saiyora/Content/StarterContent/Textures/T_Fire_SubUV.uasset" 234
"E:/UnrealProjects/Saiyora/Content/StarterContent/Particles/Materials/M_Fire_SubUV.uasset" 235
"E:/UnrealProjects/Saiyora/Content/StarterContent/Particles/P_Fire.uasset" 236
"E:/UnrealProjects/Saiyora/Content/Saiyora/Experiments/TestStealAbilityInterface.uasset" 237
"E:/UnrealProjects/Saiyora/Content/Saiyora/Experiments/TESTBUFF1.uasset" 238
"E:/UnrealProjects/Saiyora/Content/Saiyora/Experiments/TEST_Stun.uasset" 239
"E:/UnrealProjects/Saiyora/Content/Saiyora/Experiments/TESTABILITY2.uasset" 240
"E:/UnrealProjects/Saiyora/Content/StarterContent/Particles/P_Steam_Lit.uasset" 241
"E:/UnrealProjects/Saiyora/Content/StarterContent/Textures/T_Spark_Core.uasset" 242
"E:/UnrealProjects/Saiyora/Content/StarterContent/Particles/Materials/M_Spark.uasset" 243
"E:/UnrealProjects/Saiyora/Content/StarterContent/Particles/P_Sparks.uasset" 244
"../../../Engine/Content/Tutorial/SubEditors/TutorialAssets/T_soft_smoke.uasset" 245
"../../../Engine/Content/Tutorial/SubEditors/TutorialAssets/T_SmokeSubUV_8X8.uasset" 246
"../../../Engine/Content/Tutorial/SubEditors/TutorialAssets/M_smoke_subUV_blackbody.uasset" 247
"../../../Engine/Content/Tutorial/SubEditors/TutorialAssets/TutorialParticleSystem.uasset" 248
"../../../Engine/Content/EditorMaterials/Cascade/CASC_CurveEd.uasset" 249
"E:/UnrealProjects/Saiyora/Content/StarterContent/Textures/T_Brick_Clay_Old_D.uasset" 250
"E:/UnrealProjects/Saiyora/Content/Saiyora/Experiments/TESTBUFF.uasset" 251
"E:/UnrealProjects/Saiyora/Content/Saiyora/Experiments/TESTABILITY.uasset" 252
"E:/UnrealProjects/Saiyora/Content/Saiyora/Experiments/DT_TestStatTable.uasset" 253
"E:/UnrealProjects/Saiyora/Content/Saiyora/UI/WBP_ResourceBar.uasset" 254
"E:/UnrealProjects/Saiyora/Content/Saiyora/UI/WBP_ResourceContainer.uasset" 255
"E:/UnrealProjects/Saiyora/Content/Saiyora/UI/WBP_PlayerHealthBar.uasset" 256
"E:/UnrealProjects/Saiyora/Content/Saiyora/UI/E_BuffWidgetState.uasset" 257
"E:/UnrealProjects/Saiyora/Content/Saiyora/UI/WBP_DebuffDisplay.uasset" 258
"E:/UnrealProjects/Saiyora/Content/Saiyora/UI/WBP_DebuffContainer.uasset" 259
"../../../Engine/Content/ArtTools/RenderToTexture/Textures/127grey.uasset" 260
"E:/UnrealProjects/Saiyora/Content/Saiyora/UI/WBP_CastBar.uasset" 261
"E:/UnrealProjects/Saiyora/Content/Saiyora/UI/WBP_BuffDisplay.uasset" 262
"E:/UnrealProjects/Saiyora/Content/Saiyora/UI/WBP_BuffContainer.uasset" 263
"E:/UnrealProjects/Saiyora/Content/Saiyora/UI/BPFL_UiFunctions.uasset" 264
"E:/UnrealProjects/Saiyora/Content/Saiyora/UI/WBP_ActionSlot.uasset" 265
"E:/UnrealProjects/Saiyora/Content/Saiyora/UI/WBP_ActionBar.uasset" 266
"E:/UnrealProjects/Saiyora/Content/Saiyora/UI/CrosshairDefault.uasset" 267
"E:/UnrealProjects/Saiyora/Content/Saiyora/UI/WBP_PlayerUI.uasset" 268
"E:/UnrealProjects/Saiyora/Content/Saiyora/Player/S_MovementInput.uasset" 269
"E:/UnrealProjects/Saiyora/Content/Saiyora/Player/BP_CombatPlayerController.uasset" 270
"E:/UnrealProjects/Saiyora/Content/Saiyora/Player/BP_CombatPlayer.uasset" 271
"E:/UnrealProjects/Saiyora/Content/Saiyora/Experiments/TestBurstFire.uasset" 272
"E:/UnrealProjects/Saiyora/Content/Saiyora/Experiments/TEST_CustomBuffFunction.uasset" 273
"E:/UnrealProjects/Saiyora/Content/StarterContent/Materials/M_Basic_Wall.uasset" 274
"E:/UnrealProjects/Saiyora/Content/StarterContent/Architecture/Pillar_50x500.uasset" 275
"E:/UnrealProjects/Saiyora/Content/StarterContent/Architecture/Wall_400x300.uasset" 276
"E:/UnrealProjects/Saiyora/Content/StarterContent/Architecture/Wall_400x400.uasset" 277
"E:/UnrealProjects/Saiyora/Content/StarterContent/Architecture/Wall_500x500.uasset" 278
"E:/UnrealProjects/Saiyora/Content/StarterContent/Architecture/Wall_Door_400x400.uasset" 279
"E:/UnrealProjects/Saiyora/Content/StarterContent/Architecture/Wall_Window_400x400.uasset" 280
"E:/UnrealProjects/Saiyora/Content/StarterContent/Audio/Collapse01.uasset" 281
"E:/UnrealProjects/Saiyora/Content/StarterContent/Audio/Collapse02.uasset" 282
"E:/UnrealProjects/Saiyora/Content/StarterContent/Audio/Explosion01.uasset" 283
"E:/UnrealProjects/Saiyora/Content/StarterContent/Audio/Explosion02.uasset" 284
"E:/UnrealProjects/Saiyora/Content/StarterContent/Audio/Fire01.uasset" 285
"E:/UnrealProjects/Saiyora/Content/StarterContent/Audio/Fire_Sparks01.uasset" 286
"E:/UnrealProjects/Saiyora/Content/StarterContent/Audio/Light01.uasset" 287
"E:/UnrealProjects/Saiyora/Content/StarterContent/Audio/Light01_Cue.uasset" 288
"E:/UnrealProjects/Saiyora/Content/StarterContent/Audio/Light02.uasset" 289
"E:/UnrealProjects/Saiyora/Content/StarterContent/Audio/Light02_Cue.uasset" 290
"E:/UnrealProjects/Saiyora/Content/StarterContent/Audio/Smoke01.uasset" 291
"E:/UnrealProjects/Saiyora/Content/StarterContent/Audio/Starter_Birds01.uasset" 292
"E:/UnrealProjects/Saiyora/Content/StarterContent/Audio/Starter_Music01.uasset" 293
"E:/UnrealProjects/Saiyora/Content/StarterContent/Audio/Starter_Wind05.uasset" 294
"E:/UnrealProjects/Saiyora/Content/StarterContent/Audio/Starter_Wind06.uasset" 295
"E:/UnrealProjects/Saiyora/Content/StarterContent/Audio/Steam01.uasset" 296
"E:/UnrealProjects/Saiyora/Content/StarterContent/Audio/Explosion_Cue.uasset" 297
"E:/UnrealProjects/Saiyora/Content/StarterContent/Blueprints/Blueprint_Effect_Explosion.uasset" 298
"../../../Engine/Content/EditorMeshes/ColorCalibrator/T_ColorGrid.uasset" 299
"E:/UnrealProjects/Saiyora/Content/StarterContent/Materials/M_ColorGrid_LowSpec.uasset" 300
"E:/UnrealProjects/Saiyora/Content/StarterContent/Textures/T_Bush_N.uasset" 301
"E:/UnrealProjects/Saiyora/Content/StarterContent/Textures/T_Bush_D.uasset" 302
"E:/UnrealProjects/Saiyora/Content/StarterContent/Props/Materials/M_Bush.uasset" 303
"E:/UnrealProjects/Saiyora/Content/StarterContent/Props/SM_Bush.uasset" 304
"E:/UnrealProjects/Saiyora/Content/StarterContent/Textures/T_Chair_N.uasset" 305
"E:/UnrealProjects/Saiyora/Content/StarterContent/Textures/T_Chair_M.uasset" 306
"E:/UnrealProjects/Saiyora/Content/StarterContent/Props/Materials/M_Chair.uasset" 307
"E:/UnrealProjects/Saiyora/Content/StarterContent/Props/SM_Couch.uasset" 308
"E:/UnrealProjects/Saiyora/Content/StarterContent/Materials/M_Glass.uasset" 309
"E:/UnrealProjects/Saiyora/Content/StarterContent/Textures/T_Door_N.uasset" 310
"E:/UnrealProjects/Saiyora/Content/StarterContent/Textures/T_Door_M.uasset" 311
"E:/UnrealProjects/Saiyora/Content/StarterContent/Props/Materials/M_Door.uasset" 312
"E:/UnrealProjects/Saiyora/Content/StarterContent/Props/SM_Door.uasset" 313
"E:/UnrealProjects/Saiyora/Content/StarterContent/Props/Materials/M_MaterialSphere_Plain.uasset" 314
"E:/UnrealProjects/Saiyora/Content/StarterContent/Props/Materials/M_MaterialSphere.uasset" 315
"E:/UnrealProjects/Saiyora/Content/StarterContent/Props/SM_MatPreviewMesh_02.uasset" 316
"E:/UnrealProjects/Saiyora/Content/StarterContent/Textures/T_RockMesh_N.uasset" 317
"E:/UnrealProjects/Saiyora/Content/StarterContent/Textures/T_RockMesh_M.uasset" 318
"E:/UnrealProjects/Saiyora/Content/StarterContent/Textures/T_Detail_Rocky_N.uasset" 319
"E:/UnrealProjects/Saiyora/Content/StarterContent/Textures/T_Rock_Basalt_D.uasset" 320
"E:/UnrealProjects/Saiyora/Content/StarterContent/Props/Materials/M_Rock.uasset" 321
"E:/UnrealProjects/Saiyora/Content/StarterContent/Props/SM_Rock.uasset" 322
"E:/UnrealProjects/Saiyora/Content/StarterContent/Textures/T_Shelf_N.uasset" 323
"E:/UnrealProjects/Saiyora/Content/StarterContent/Textures/T_Shelf_M.uasset" 324
"E:/UnrealProjects/Saiyora/Content/StarterContent/Props/Materials/M_Shelf.uasset" 325
"E:/UnrealProjects/Saiyora/Content/StarterContent/Props/SM_Shelf.uasset" 326
"E:/UnrealProjects/Saiyora/Content/StarterContent/Materials/M_Basic_Floor.uasset" 327
"E:/UnrealProjects/Saiyora/Content/StarterContent/Props/SM_Stairs.uasset" 328
"E:/UnrealProjects/Saiyora/Content/StarterContent/Shapes/Shape_Cone.uasset" 329
"E:/UnrealProjects/Saiyora/Content/StarterContent/Shapes/Shape_Cylinder.uasset" 330
"E:/UnrealProjects/Saiyora/Content/StarterContent/Shapes/Shape_NarrowCapsule.uasset" 331
"E:/UnrealProjects/Saiyora/Content/StarterContent/Shapes/Shape_Pipe.uasset" 332
"E:/UnrealProjects/Saiyora/Content/StarterContent/Shapes/Shape_Pipe_180.uasset" 333
"E:/UnrealProjects/Saiyora/Content/StarterContent/Shapes/Shape_Pipe_90.uasset" 334
"E:/UnrealProjects/Saiyora/Content/StarterContent/Shapes/Shape_Plane.uasset" 335
"E:/UnrealProjects/Saiyora/Content/StarterContent/Shapes/Shape_Torus.uasset" 336
"E:/UnrealProjects/Saiyora/Content/StarterContent/Shapes/Shape_Trim.uasset" 337
"E:/UnrealProjects/Saiyora/Content/StarterContent/Shapes/Shape_Trim_90_In.uasset" 338
"E:/UnrealProjects/Saiyora/Content/StarterContent/Shapes/Shape_Trim_90_Out.uasset" 339
"E:/UnrealProjects/Saiyora/Content/StarterContent/Shapes/Shape_TriPyramid.uasset" 340
"E:/UnrealProjects/Saiyora/Content/StarterContent/Shapes/Shape_Tube.uasset" 341
"E:/UnrealProjects/Saiyora/Content/StarterContent/Shapes/Shape_Wedge_A.uasset" 342
"E:/UnrealProjects/Saiyora/Content/StarterContent/Shapes/Shape_Wedge_B.uasset" 343
"E:/UnrealProjects/Saiyora/Content/StarterContent/Shapes/Shape_WideCapsule.uasset" 344
"../../../Engine/Content/Animation/DefaultAnimCurveCompressionSettings.uasset" 345
"../../../Engine/Content/EngineMaterials/T_Default_Material_Grid_N.uasset" 346
"../../../Engine/Content/EngineMaterials/T_Default_Material_Grid_M.uasset" 347
"../../../Engine/Content/Functions/Engine_MaterialFunctions01/Opacity/CameraDepthFade.uasset" 348
"../../../Engine/Content/EngineMaterials/WorldGridMaterial.uasset" 349
"../../../Engine/Content/ArtTools/RenderToTexture/Meshes/S_1_Unit_Plane.uasset" 350
"../../../Engine/Content/EngineMaterials/DefaultMaterial.uasset" 351
"../../../Engine/Content/BasicShapes/Cone.uasset" 352
"../../../Engine/Content/BasicShapes/Plane.uasset" 353
"../../../Engine/Content/BasicShapes/Sphere.uasset" 354
"../../../Engine/Content/EditorLandscapeResources/DataLayer.uasset" 355
"../../../Engine/Content/EditorLandscapeResources/DefaultAlphaTexture.uasset" 356
"../../../Engine/Content/EditorMaterials/MAT_Groups_Toggle.uasset" 357
"../../../Engine/Content/EditorMaterials/MAT_Groups_Visibility.uasset" 358
"../../../Engine/Content/EditorMaterials/PreviewShadowIndicator.uasset" 359
"../../../Engine/Content/EditorMaterials/PreviewShadowIndicatorMaterial.uasset" 360
"../../../Engine/Content/EditorMaterials/MatineeGroups/MAT_ColorTrack.uasset" 361
"../../../Engine/Content/EditorMaterials/MatineeGroups/MAT_Groups_Anim.uasset" 362
"../../../Engine/Content/EditorMaterials/MatineeGroups/MAT_Groups_AudioMaster.uasset" 363
"../../../Engine/Content/EditorMaterials/MatineeGroups/MAT_Groups_Director.uasset" 364
"../../../Engine/Content/EditorMaterials/MatineeGroups/MAT_Groups_Event.uasset" 365
"../../../Engine/Content/EditorMaterials/MatineeGroups/MAT_Groups_Fade.uasset" 366
"../../../Engine/Content/EditorMaterials/MatineeGroups/MAT_Groups_Float.uasset" 367
"../../../Engine/Content/EditorMaterials/MatineeGroups/MAT_Groups_Move.uasset" 368
"../../../Engine/Content/EditorMaterials/MatineeGroups/MAT_Groups_Slomo.uasset" 369
"../../../Engine/Content/EditorMaterials/MatineeGroups/MAT_Groups_Sound.uasset" 370
"../../../Engine/Content/EditorMaterials/MatineeGroups/MAT_Groups_Vector.uasset" 371
"../../../Engine/Content/EditorMaterials/ParticleSystems/PSysThumbnail_NoImage.uasset" 372
"../../../Engine/Content/EditorMaterials/ParticleSystems/PSysThumbnail_OOD.uasset" 373
"../../../Engine/Content/EditorMaterials/Camera/CineMat.uasset" 374
"../../../Engine/Content/EditorMaterials/Camera/MI_CineMat_Rig.uasset" 375
"../../../Engine/Content/EditorMeshes/Camera/SM_CraneRig_Arm.uasset" 376
"../../../Engine/Content/EditorMeshes/Camera/SM_CraneRig_Base.uasset" 377
"../../../Engine/Content/EditorMeshes/Camera/SM_CraneRig_Body.uasset" 378
"../../../Engine/Content/EditorMeshes/Camera/SM_CraneRig_Mount.uasset" 379
"../../../Engine/Content/EditorMeshes/Camera/SM_RailRig_Mount.uasset" 380
"../../../Engine/Content/EditorMeshes/Camera/SM_RailRig_Track.uasset" 381
"../../../Engine/Content/EditorResources/BSPVertex.uasset" 382
"../../../Engine/Content/EditorResources/EmptyActor.uasset" 383
"../../../Engine/Content/EditorResources/S_Actor.uasset" 384
"../../../Engine/Content/EditorResources/S_Note.uasset" 385
"../../../Engine/Content/EditorResources/S_Solver.uasset" 386
"../../../Engine/Content/EditorResources/S_Terrain.uasset" 387
"../../../Engine/Content/EditorResources/S_Trigger.uasset" 388
"../../../Engine/Content/EditorResources/AudioIcons/S_AudioComponent.uasset" 389
"../../../Engine/Content/EditorResources/AudioIcons/S_AudioComponent_AutoActivate.uasset" 390
"../../../Engine/Content/EditorResources/LightIcons/S_LightError.uasset" 391
"../../../Engine/Content/EditorResources/SequenceRecorder/Countdown.uasset" 392
"../../../Engine/Content/EditorResources/SequenceRecorder/RecordingIndicator.uasset" 393
"../../../Engine/Content/EngineDamageTypes/DmgTypeBP_Environmental.uasset" 394
"../../../Engine/Content/EngineDebugMaterials/DebugEditorMaterial.uasset" 395
"../../../Engine/Content/EngineDebugMaterials/DebugMeshMaterial.uasset" 396
"../../../Engine/Content/EngineDebugMaterials/M_SimpleUnlitTranslucent.uasset" 397
"../../../Engine/Content/EngineDebugMaterials/VolumeToRender.uasset" 398
"../../../Engine/Content/Functions/Engine_MaterialFunctions02/Utility/CameraDirectionVector.uasset" 399
"../../../Engine/Content/EngineDebugMaterials/M_VolumeRenderSphereTracePP.uasset" 400
"../../../Engine/Content/Functions/Engine_MaterialFunctions01/Shading/ConvertFromDiffSpec.uasset" 401
"../../../Engine/Content/EngineDebugMaterials/VertexColorMaterial.uasset" 402
"../../../Engine/Content/EngineDebugMaterials/WireframeMaterial.uasset" 403
"../../../Engine/Content/EngineFonts/Faces/RobotoRegular.uasset" 404
"../../../Engine/Content/EngineFonts/Faces/RobotoLight.uasset" 405
"../../../Engine/Content/EngineFonts/Faces/RobotoItalic.uasset" 406
"../../../Engine/Content/EngineFonts/Faces/RobotoBoldItalic.uasset" 407
"../../../Engine/Content/EngineFonts/Faces/RobotoBold.uasset" 408
"../../../Engine/Content/EngineFonts/Faces/DroidSansFallback.uasset" 409
"../../../Engine/Content/EngineFonts/Roboto.uasset" 410
"../../../Engine/Content/EngineMaterials/BaseFlattenNormalMap.uasset" 411
"../../../Engine/Content/EngineMaterials/BaseFlattenGrayscaleMap.uasset" 412
"../../../Engine/Content/EngineMaterials/BaseFlattenEmissiveMap.uasset" 413
"../../../Engine/Content/EngineMaterials/BaseFlattenDiffuseMap.uasset" 414
"../../../Engine/Content/EngineMaterials/BaseFlattenMaterial.uasset" 415
"../../../Engine/Content/EngineMaterials/BlueNoise.uasset" 416
"../../../Engine/Content/EngineMaterials/DefaultBloomKernel.uasset" 417
"../../../Engine/Content/EngineMaterials/DefaultBokeh.uasset" 418
"../../../Engine/Content/EngineMaterials/DefaultDiffuse.uasset" 419
"../../../Engine/Content/EngineMaterials/DefaultDeferredDecalMaterial.uasset" 420
"../../../Engine/Content/EngineMaterials/DefaultLightFunctionMaterial.uasset" 421
"../../../Engine/Content/EngineMaterials/DefaultPhysicalMaterial.uasset" 422
"../../../Engine/Content/EngineMaterials/DefaultPostProcessMaterial.uasset" 423
"../../../Engine/Content/EngineFonts/RobotoDistanceField.uasset" 424
"../../../Engine/Content/EngineMaterials/DefaultTextMaterialOpaque.uasset" 425
"../../../Engine/Content/EngineMaterials/DefaultWhiteGrid.uasset" 426
"../../../Engine/Content/EngineMaterials/DefaultWhiteGrid_Low.uasset" 427
"../../../Engine/Content/EngineMaterials/EmissiveMeshMaterial.uasset" 428
"../../../Engine/Content/EngineMaterials/GizmoMaterial.uasset" 429
"../../../Engine/Content/EngineMaterials/Good64x64TilingNoiseHighFreq.uasset" 430
"../../../Engine/Content/EngineMaterials/MiniFont.uasset" 431
"../../../Engine/Content/EngineMaterials/InvalidLightmapSettings.uasset" 432
"../../../Engine/Content/EngineMaterials/M_InvalidLightmapSettings.uasset" 433
"../../../Engine/Content/Functions/Engine_MaterialFunctions02/WorldPositionOffset/CameraOffset.uasset" 434
"../../../Engine/Content/EngineMaterials/PhAT_JointLimitMaterial.uasset" 435
"../../../Engine/Content/EngineMaterials/PreintegratedSkinBRDF.uasset" 436
"../../../Engine/Content/EngineMaterials/RemoveSurfaceMaterial.uasset" 437
"../../../Engine/Content/EngineMaterials/WeightMapPlaceholderTexture.uasset" 438
"../../../Engine/Content/EngineResources/WhiteSquareTexture.uasset" 439
"../../../Engine/Content/EngineMaterials/Widget3DPassThrough.uasset" 440
"../../../Engine/Content/EngineMaterials/Widget3DPassThrough_Masked.uasset" 441
"../../../Engine/Content/EngineMaterials/Widget3DPassThrough_Opaque.uasset" 442
"../../../Engine/Content/EngineMaterials/Widget3DPassThrough_Masked_OneSided.uasset" 443
"../../../Engine/Content/EngineMaterials/Widget3DPassThrough_Opaque_OneSided.uasset" 444
"../../../Engine/Content/EngineMaterials/Widget3DPassThrough_Translucent.uasset" 445
"../../../Engine/Content/EngineMaterials/Widget3DPassThrough_Translucent_OneSided.uasset" 446
"../../../Engine/Content/EngineMeshes/Cylinder.uasset" 447
"../../../Engine/Content/EngineMeshes/Sphere.uasset" 448
"../../../Engine/Content/EngineResources/Black.uasset" 449
"../../../Engine/Content/EngineResources/DefaultTextureCube.uasset" 450
"../../../Engine/Content/EngineResources/DefaultVolumeTexture2D.uasset" 451
"../../../Engine/Content/EngineResources/DefaultVolumeTexture.uasset" 452
"../../../Engine/Content/EngineResources/GradientTexture0.uasset" 453
"../../../Engine/Content/EngineSky/VolumetricClouds/T_NoiseShape64.uasset" 454
"../../../Engine/Content/EngineSky/VolumetricClouds/T_VolumeNoiseShape64.uasset" 455
"../../../Engine/Content/EngineSky/VolumetricClouds/T_NoiseErosion.uasset" 456
"../../../Engine/Content/EngineSky/VolumetricClouds/T_VolumeNoiseErosion32.uasset" 457
"../../../Engine/Content/EngineSky/VolumetricClouds/CloudWeatherTexture.uasset" 458
"../../../Engine/Content/EngineSky/VolumetricClouds/CloudGradientTexture.uasset" 459
"../../../Engine/Content/Functions/Engine_MaterialFunctions02/Utility/MakeFloat2.uasset" 460
"../../../Engine/Content/EngineSky/VolumetricClouds/m_SimpleVolumetricCloud.uasset" 461
"../../../Engine/Content/EngineSky/VolumetricClouds/m_SimpleVolumetricCloud_Inst.uasset" 462
"../../../Engine/Content/EngineSounds/Master.uasset" 463
"../../../Engine/Content/Functions/Engine_MaterialFunctions01/Shading/PowerToRoughness.uasset" 464
"../../../Engine/Content/Maps/Templates/Thumbnails/Default.uasset" 465
"../../../Engine/Content/Maps/Templates/Thumbnails/TimeOfDay.uasset" 466
"../../../Engine/Content/Maps/Templates/Thumbnails/VR-Basic.uasset" 467
"../../../Engine/Content/MobileResources/T_MobileControls_texture.uasset" 468
"../../../Engine/Content/MobileResources/T_MobileMenu2.uasset" 469
"../../../Engine/Content/MobileResources/HUD/AnalogHat.uasset" 470
"../../../Engine/Content/MobileResources/HUD/VirtualJoystick_Thumb.uasset" 471
"../../../Engine/Content/MobileResources/HUD/VirtualJoystick_Background.uasset" 472
"../../../Engine/Content/MobileResources/HUD/DefaultVirtualJoysticks.uasset" 473
"../../../Engine/Content/MobileResources/HUD/LeftVirtualJoystickOnly.uasset" 474
"../../../Engine/Content/MobileResources/HUD/MobileHUDButton1_off.uasset" 475
"../../../Engine/Content/MobileResources/HUD/MobileHUDButton1_on.uasset" 476
"../../../Engine/Content/MobileResources/HUD/MobileHUDButton2_off.uasset" 477
"../../../Engine/Content/MobileResources/HUD/MobileHUDButton2_on.uasset" 478
"../../../Engine/Content/MobileResources/HUD/MobileHUDButton3.uasset" 479
"../../../Engine/Content/MobileResources/HUD/MobileHUDButtonFire.uasset" 480
"../../../Engine/Content/MobileResources/HUD/MobileHUDDirectionPad.uasset" 481
"../../../Engine/Content/MobileResources/HUD/MobileHUDDirectionPad2.uasset" 482
"../../../Engine/Content/MobileResources/HUD/MobileHUDDirectionPad3.uasset" 483
"../../../Engine/Content/MobileResources/HUD/MobileHUDDirectionStick.uasset" 484
"../../../Engine/Content/MobileResources/HUD/T_Castle_ThumbstickInner.uasset" 485
"../../../Engine/Content/MobileResources/HUD/T_Castle_ThumbstickOutter.uasset" 486
"../../../Engine/Content/Tutorial/ContentIntroCurve.uasset" 487
"../../../Engine/Content/Tutorial/Basics/LevelEditorAttract.uasset" 488
"../../../Engine/Content/Tutorial/Basics/TutorialAssets/icon_tab_Levels_40x.uasset" 489
"../../../Engine/Content/Tutorial/Basics/LevelEditorOverview.uasset" 490
"../../../Engine/Content/VREditor/TransformGizmo/TranslucentTransformGizmoMaterial.uasset" 491
"../../../Engine/Content/VREditor/LaserPointer/VR_LaserPower_01.uasset" 492
"../../../Engine/Content/VREditor/TransformGizmo/TransformGizmoMaterial.uasset" 493
"../../../Engine/Content/VREditor/TransformGizmo/BoundingBoxCorner.uasset" 494
"../../../Engine/Content/VREditor/TransformGizmo/BoundingBoxEdge.uasset" 495
"../../../Engine/Content/VREditor/TransformGizmo/PlaneTranslationHandle.uasset" 496
"../../../Engine/Content/VREditor/TransformGizmo/Xray.uasset" 497
"../../../Engine/Content/VREditor/TransformGizmo/Main.uasset" 498
"../../../Engine/Content/VREditor/TransformGizmo/SM_Sequencer_Key.uasset" 499
"../../../Engine/Content/VREditor/TransformGizmo/SM_Sequencer_Node.uasset" 500
"../../Plugins/2D/Paper2D/Content/PlaceholderTextures/DummySpriteTexture.uasset" 501
"../../Plugins/2D/Paper2D/Content/DummySprite.uasset" 502
"../../Plugins/2D/Paper2D/Content/DefaultPaperTerrainMaterial.uasset" 503
"../../Plugins/2D/Paper2D/Content/DefaultSpriteMaterial.uasset" 504
"../../Plugins/2D/Paper2D/Content/MaskedUnlitSpriteMaterial.uasset" 505
"../../Plugins/2D/Paper2D/Content/OpaqueUnlitSpriteMaterial.uasset" 506
"../../Plugins/Editor/SpeedTreeImporter/Content/SpeedTree9/UnpackInteger3.uasset" 507
"../../Plugins/Editor/SpeedTreeImporter/Content/SpeedTree9/UnpackDirection.uasset" 508
"../../Plugins/Editor/SpeedTreeImporter/Content/SpeedTree9/game_wind_noise.uasset" 509
"../../../Engine/Content/Functions/Engine_MaterialFunctions02/SafeNormalize.uasset" 510
"../../Plugins/Editor/SpeedTreeImporter/Content/SpeedTree9/SpeedTreeWindMotion.uasset" 511
"../../Plugins/Editor/SpeedTreeImporter/Content/SpeedTree9/SpeedTreeBranchMotion.uasset" 512
"../../../Engine/Content/Functions/Engine_MaterialFunctions02/ObjectLocalBounds.uasset" 513
"../../../Engine/Content/Functions/Engine_MaterialFunctions02/UVs/BoundingBoxBased_0-1_UVW.uasset" 514
"../../Plugins/Editor/SpeedTreeImporter/Content/SpeedTree9/SpeedTreeWind.uasset" 515
"../../Plugins/Editor/SpeedTreeImporter/Content/SpeedTree9/SpeedTreeBillboard.uasset" 516
"../../../Engine/Content/EngineResources/DefaultTexture.uasset" 517
"../../Plugins/Editor/SpeedTreeImporter/Content/SpeedTree9/SpeedTreeBillboardMaster.uasset" 518
"../../Plugins/Editor/SpeedTreeImporter/Content/SpeedTree9/SpeedTreeCameraFacing.uasset" 519
"../../Plugins/Editor/SpeedTreeImporter/Content/SpeedTree9/SpeedTreeMaster.uasset" 520
"../../../Engine/Content/BasicShapes/Cylinder.uasset" 521
"../../../Engine/Content/ArtTools/RenderToTexture/Materials/Debug/M_Emissive_Color.uasset" 522
"../../Plugins/Lumin/MagicLeapPassableWorld/Content/MagicLeapARPinInfoActor.uasset" 523
"../../../Engine/Content/Functions/Engine_MaterialFunctions02/Utility/BreakOutFloat4Components.uasset" 524
"../../Plugins/Runtime/Oculus/OculusVR/Content/Materials/OculusMR_ChromaKey.uasset" 525
"../../Plugins/Runtime/Oculus/OculusVR/Content/Materials/OculusMR_OpaqueColoredMaterial.uasset" 526
"../../Plugins/Runtime/Oculus/OculusVR/Content/Materials/PokeAHoleMaterial.uasset" 527
"E:/UnrealProjects/Saiyora/Content/AnimStarterPack/Crouch_Idle_Rifle_Ironsights.uasset" 528
"E:/UnrealProjects/Saiyora/Content/AnimStarterPack/Crouch_Walk_Fwd_Rifle_Ironsights.uasset" 529
"../../../Engine/Content/EngineSky/T_Sky_Stars.uasset" 530
"../../../Engine/Content/EngineSky/T_Sky_Clouds_M.uasset" 531
"../../../Engine/Content/EngineSky/T_Sky_Blue.uasset" 532
"../../../Engine/Content/TemplateResources/M_Template_Master.uasset" 533
"../../../Engine/Content/TemplateResources/MI_Template_BaseGray_03_Metal.uasset" 534
"../../../Engine/Content/EngineSky/M_Sky_Panning_Clouds2.uasset" 535
"../../../Engine/Content/EngineSky/SM_SkySphere.uasset" 536
"../../../Engine/Content/EngineSky/C_Sky_Zenith_Color.uasset" 537
"../../../Engine/Content/EngineSky/C_Sky_Horizon_Color.uasset" 538
"../../../Engine/Content/EngineSky/C_Sky_Cloud_Color.uasset" 539
"../../../Engine/Content/EngineSky/BP_Sky_Sphere.uasset" 540
"E:/UnrealProjects/Saiyora/Content/AnimStarterPack/Walk_Fwd_Rifle_Ironsights.uasset" 541
"E:/UnrealProjects/Saiyora/Content/AnimStarterPack/Idle_Rifle_Hip_Break1.uasset" 542
"E:/UnrealProjects/Saiyora/Content/AnimStarterPack/Idle_Rifle_Hip_Break2.uasset" 543
"E:/UnrealProjects/Saiyora/Content/AnimStarterPack/Hit_React_3.uasset" 544
"E:/UnrealProjects/Saiyora/Content/AnimStarterPack/Hit_React_2.uasset" 545
"E:/UnrealProjects/Saiyora/Content/AnimStarterPack/Hit_React_1.uasset" 546
"E:/UnrealProjects/Saiyora/Content/AnimStarterPack/Fire_Rifle_Ironsights.uasset" 547
"E:/UnrealProjects/Saiyora/Content/AnimStarterPack/Equip_Pistol_Standing.uasset" 548
"E:/UnrealProjects/Saiyora/Content/AnimStarterPack/Reload_Rifle_Hip.uasset" 549
"E:/UnrealProjects/Saiyora/Content/AnimStarterPack/Showcase.umap" 550
"E:/UnrealProjects/Saiyora/Content/Marketplace/MazeCreator/Maps/Map.umap" 551
"../../../Engine/Content/BasicShapes/Cube.uasset" 552
"E:/UnrealProjects/Saiyora/Content/Saiyora/Maps/PlaygroundStuff/M_LightBlock.uasset" 553
"E:/UnrealProjects/Saiyora/Content/Saiyora/Maps/PlaygroundLevel_BuiltData.uasset" 554
"../../../Engine/Content/EditorMeshes/ArcadeEditorSphere.uasset" 555
"E:/UnrealProjects/Saiyora/Content/Saiyora/Experiments/TestAbility3.uasset" 556
"E:/UnrealProjects/Saiyora/Content/Saiyora/Experiments/StealAbilityTestEnemy.uasset" 557
"E:/UnrealProjects/Saiyora/Content/Saiyora/Experiments/BP_SaiyoraGameState.uasset" 558
"E:/UnrealProjects/Saiyora/Content/Saiyora/Experiments/BP_SaiyoraGameMode.uasset" 559
"E:/UnrealProjects/Saiyora/Content/Marketplace/SuperGrid/StarterPack/Source/Meshes/SuperGrid_RingQuarter.uasset" 560
"E:/UnrealProjects/Saiyora/Content/Marketplace/SuperGrid/StarterPack/Source/Meshes/SuperGrid_Pyramide.uasset" 561
"E:/UnrealProjects/Saiyora/Content/Marketplace/SuperGrid/StarterPack/Source/Meshes/SuperGrid_Plane.uasset" 562
"E:/UnrealProjects/Saiyora/Content/Marketplace/SuperGrid/StarterPack/Source/Meshes/SuperGrid_CylinderHalf.uasset" 563
"E:/UnrealProjects/Saiyora/Content/Marketplace/SuperGrid/StarterPack/Source/Meshes/SuperGrid_Slope.uasset" 564
"E:/UnrealProjects/Saiyora/Content/Marketplace/SuperGrid/StarterPack/Source/Meshes/SuperGrid_Arch1.uasset" 565
"E:/UnrealProjects/Saiyora/Content/Saiyora/Maps/PlaygroundLevel.umap" 566
"../../../Engine/Content/EditorMeshes/ColorCalibrator/M_GreyBall.uasset" 567
"../../../Engine/Content/EditorMeshes/ColorCalibrator/Color_checker.uasset" 568
"../../../Engine/Content/EditorMeshes/ColorCalibrator/M_ColorGrid.uasset" 569
"../../../Engine/Content/EditorMeshes/ColorCalibrator/M_ClearCoatBlack.uasset" 570
"../../../Engine/Content/EditorMeshes/ColorCalibrator/M_ClearCoat.uasset" 571
"../../../Engine/Content/EditorMeshes/ColorCalibrator/M_ChromeBall.uasset" 572
"../../../Engine/Content/EditorMeshes/ColorCalibrator/SM_ColorCalibrator.uasset" 573
"E:/UnrealProjects/Saiyora/Content/StarterContent/Maps/Advanced_Lighting_BuiltData.uasset" 574
"E:/UnrealProjects/Saiyora/Content/StarterContent/HDRI/HDRI_Epic_Courtyard_Daylight.uasset" 575
"../../../Engine/Content/MapTemplates/Sky/DaylightAmbientCubemap.uasset" 576
"E:/UnrealProjects/Saiyora/Content/StarterContent/Blueprints/Assets/M_LightStage_Skybox_Master.uasset" 577
"E:/UnrealProjects/Saiyora/Content/StarterContent/Blueprints/Assets/M_LightStage_Skybox_HDRI.uasset" 578
"E:/UnrealProjects/Saiyora/Content/StarterContent/Blueprints/Assets/M_LightStage_Arrows.uasset" 579
"E:/UnrealProjects/Saiyora/Content/StarterContent/Blueprints/Assets/SM_Arrows.uasset" 580
"../../../Engine/Content/EditorMaterials/Thumbnails/SkySphereMaterial.uasset" 581
"E:/UnrealProjects/Saiyora/Content/StarterContent/Blueprints/Assets/Skybox.uasset" 582
"E:/UnrealProjects/Saiyora/Content/StarterContent/Blueprints/Assets/M_LightStage_Skybox_Black.uasset" 583
"E:/UnrealProjects/Saiyora/Content/StarterContent/Blueprints/Assets/SunlightColorLUT.uasset" 584
"E:/UnrealProjects/Saiyora/Content/StarterContent/Blueprints/Assets/FogBrightnessLUT.uasset" 585
"E:/UnrealProjects/Saiyora/Content/StarterContent/Blueprints/BP_LightStudio.uasset" 586
"E:/UnrealProjects/Saiyora/Content/StarterContent/Materials/M_AssetPlatform.uasset" 587
"E:/UnrealProjects/Saiyora/Content/StarterContent/Architecture/SM_AssetPlatform.uasset" 588
"E:/UnrealProjects/Saiyora/Content/StarterContent/Maps/Advanced_Lighting.umap" 589
"E:/UnrealProjects/Saiyora/Content/StarterContent/Textures/T_TableRound_N.uasset" 590
"E:/UnrealProjects/Saiyora/Content/StarterContent/Textures/T_TableRound_M.uasset" 591
"E:/UnrealProjects/Saiyora/Content/StarterContent/Props/Materials/M_TableRound.uasset" 592
"E:/UnrealProjects/Saiyora/Content/StarterContent/Props/SM_TableRound.uasset" 593
"E:/UnrealProjects/Saiyora/Content/StarterContent/Textures/T_Statue_N.uasset" 594
"E:/UnrealProjects/Saiyora/Content/StarterContent/Textures/T_Statue_M.uasset" 595
"E:/UnrealProjects/Saiyora/Content/StarterContent/Props/Materials/M_Statue.uasset" 596
"E:/UnrealProjects/Saiyora/Content/StarterContent/Props/Materials/M_StatueGlass.uasset" 597
"E:/UnrealProjects/Saiyora/Content/StarterContent/Props/SM_Statue.uasset" 598
"E:/UnrealProjects/Saiyora/Content/StarterContent/Props/SM_Chair.uasset" 599
"E:/UnrealProjects/Saiyora/Content/StarterContent/Textures/T_MacroVariation.uasset" 600
"E:/UnrealProjects/Saiyora/Content/StarterContent/Textures/T_Metal_Copper_D.uasset" 601
"E:/UnrealProjects/Saiyora/Content/StarterContent/Textures/T_Metal_Gold_N.uasset" 602
"E:/UnrealProjects/Saiyora/Content/StarterContent/Materials/M_Metal_Copper.uasset" 603
"E:/UnrealProjects/Saiyora/Content/StarterContent/Textures/T_Metal_Aluminum_D.uasset" 604
"E:/UnrealProjects/Saiyora/Content/StarterContent/Materials/M_Metal_Burnished_Steel.uasset" 605
"E:/UnrealProjects/Saiyora/Content/StarterContent/Materials/M_Metal_Brushed_Nickel.uasset" 606
"E:/UnrealProjects/Saiyora/Content/StarterContent/Maps/Minimal_Default_BuiltData.uasset" 607
"E:/UnrealProjects/Saiyora/Content/StarterContent/Audio/Starter_Background_Cue.uasset" 608
"E:/UnrealProjects/Saiyora/Content/StarterContent/Architecture/Floor_400x400.uasset" 609
"E:/UnrealProjects/Saiyora/Content/StarterContent/Maps/Minimal_Default.umap" 610
"E:/UnrealProjects/Saiyora/Content/StarterContent/Shapes/Shape_Sphere.uasset" 611
"E:/UnrealProjects/Saiyora/Content/StarterContent/Shapes/Shape_QuadPyramid.uasset" 612
"E:/UnrealProjects/Saiyora/Content/StarterContent/Shapes/Shape_Cube.uasset" 613
"E:/UnrealProjects/Saiyora/Content/StarterContent/Textures/T_Frame_N.uasset" 614
"E:/UnrealProjects/Saiyora/Content/StarterContent/Textures/T_Frame_M.uasset" 615
"E:/UnrealProjects/Saiyora/Content/StarterContent/Props/Materials/M_Frame.uasset" 616
"E:/UnrealProjects/Saiyora/Content/StarterContent/Props/SM_WindowFrame.uasset" 617
"E:/UnrealProjects/Saiyora/Content/StarterContent/Props/SM_PillarFrame300.uasset" 618
"E:/UnrealProjects/Saiyora/Content/StarterContent/Props/SM_PillarFrame.uasset" 619
"E:/UnrealProjects/Saiyora/Content/StarterContent/Props/SM_GlassWindow.uasset" 620
"E:/UnrealProjects/Saiyora/Content/StarterContent/Props/SM_DoorFrame.uasset" 621
"E:/UnrealProjects/Saiyora/Content/StarterContent/Props/SM_CornerFrame.uasset" 622
"E:/UnrealProjects/Saiyora/Content/StarterContent/Props/MaterialSphere.uasset" 623
"E:/UnrealProjects/Saiyora/Content/StarterContent/Textures/T_Dust_Particle_D.uasset" 624
"E:/UnrealProjects/Saiyora/Content/StarterContent/Particles/Materials/M_Dust_Particle.uasset" 625
"E:/UnrealProjects/Saiyora/Content/StarterContent/Particles/P_Ambient_Dust.uasset" 626
"E:/UnrealProjects/Saiyora/Content/StarterContent/Textures/T_Wood_Walnut_N.uasset" 627
"E:/UnrealProjects/Saiyora/Content/StarterContent/Textures/T_Wood_Walnut_D.uasset" 628
"E:/UnrealProjects/Saiyora/Content/StarterContent/Materials/M_Wood_Walnut.uasset" 629
"E:/UnrealProjects/Saiyora/Content/StarterContent/Textures/T_Perlin_Noise_M.uasset" 630
"E:/UnrealProjects/Saiyora/Content/StarterContent/Textures/T_Wood_Pine_N.uasset" 631
"E:/UnrealProjects/Saiyora/Content/StarterContent/Textures/T_Wood_Pine_D.uasset" 632
"E:/UnrealProjects/Saiyora/Content/StarterContent/Materials/M_Wood_Pine.uasset" 633
"E:/UnrealProjects/Saiyora/Content/StarterContent/Textures/T_Wood_Oak_N.uasset" 634
"E:/UnrealProjects/Saiyora/Content/StarterContent/Textures/T_Wood_Oak_D.uasset" 635
"E:/UnrealProjects/Saiyora/Content/StarterContent/Materials/M_Wood_Oak.uasset" 636
"../../../Engine/Content/Functions/Engine_MaterialFunctions01/Opacity/AlphaOffset.uasset" 637
"E:/UnrealProjects/Saiyora/Content/StarterContent/Textures/T_Wood_Floor_Walnut_N.uasset" 638
"E:/UnrealProjects/Saiyora/Content/StarterContent/Textures/T_Wood_Floor_Walnut_M.uasset" 639
"E:/UnrealProjects/Saiyora/Content/StarterContent/Textures/T_Wood_Floor_Walnut_D.uasset" 640
"E:/UnrealProjects/Saiyora/Content/StarterContent/Materials/M_Wood_Floor_Walnut_Worn.uasset" 641
"E:/UnrealProjects/Saiyora/Content/StarterContent/Materials/M_Wood_Floor_Walnut_Polished.uasset" 642
"E:/UnrealProjects/Saiyora/Content/StarterContent/Textures/T_Water_M.uasset" 643
"E:/UnrealProjects/Saiyora/Content/StarterContent/Materials/M_Water_Ocean.uasset" 644
"E:/UnrealProjects/Saiyora/Content/StarterContent/Materials/M_Water_Lake.uasset" 645
"E:/UnrealProjects/Saiyora/Content/StarterContent/Textures/T_Tech_Panel_N.uasset" 646
"E:/UnrealProjects/Saiyora/Content/StarterContent/Textures/T_Tech_Panel_M.uasset" 647
"E:/UnrealProjects/Saiyora/Content/StarterContent/Textures/T_Metal_Steel_D.uasset" 648
"E:/UnrealProjects/Saiyora/Content/StarterContent/Materials/M_Tech_Panel.uasset" 649
"E:/UnrealProjects/Saiyora/Content/StarterContent/Textures/T_Tech_Hex_Tile_N.uasset" 650
"E:/UnrealProjects/Saiyora/Content/StarterContent/Textures/T_Tech_Hex_Tile_M.uasset" 651
"E:/UnrealProjects/Saiyora/Content/StarterContent/Materials/M_Tech_Hex_Tile_Pulse.uasset" 652
"E:/UnrealProjects/Saiyora/Content/StarterContent/Materials/M_Tech_Hex_Tile.uasset" 653
"E:/UnrealProjects/Saiyora/Content/StarterContent/Textures/T_Tech_Dot_N.uasset" 654
"E:/UnrealProjects/Saiyora/Content/StarterContent/Textures/T_Tech_Dot_M.uasset" 655
"E:/UnrealProjects/Saiyora/Content/StarterContent/Textures/T_Single_Tile_N.uasset" 656
"E:/UnrealProjects/Saiyora/Content/StarterContent/Textures/T_Checker_Noise_M.uasset" 657
"E:/UnrealProjects/Saiyora/Content/StarterContent/Materials/M_Tech_Checker_Dot.uasset" 658
"E:/UnrealProjects/Saiyora/Content/StarterContent/Textures/T_Rock_Slate_N.uasset" 659
"E:/UnrealProjects/Saiyora/Content/StarterContent/Textures/T_Rock_Slate_D.uasset" 660
"E:/UnrealProjects/Saiyora/Content/StarterContent/Materials/M_Rock_Slate.uasset" 661
"E:/UnrealProjects/Saiyora/Content/StarterContent/Textures/T_Rock_Sandstone_N.uasset" 662
"E:/UnrealProjects/Saiyora/Content/StarterContent/Textures/T_Rock_Sandstone_D.uasset" 663
"E:/UnrealProjects/Saiyora/Content/StarterContent/Materials/M_Rock_Sandstone.uasset" 664
"E:/UnrealProjects/Saiyora/Content/StarterContent/Textures/T_Rock_Marble_Polished_D.uasset" 665
"E:/UnrealProjects/Saiyora/Content/StarterContent/Materials/M_Rock_Marble_Polished.uasset" 666
"E:/UnrealProjects/Saiyora/Content/StarterContent/Textures/T_Rock_Basalt_N.uasset" 667
"E:/UnrealProjects/Saiyora/Content/StarterContent/Materials/M_Rock_Basalt.uasset" 668
"E:/UnrealProjects/Saiyora/Content/StarterContent/Textures/T_Metal_Steel_N.uasset" 669
"E:/UnrealProjects/Saiyora/Content/StarterContent/Materials/M_Metal_Steel.uasset" 670
"E:/UnrealProjects/Saiyora/Content/StarterContent/Textures/T_Metal_Rust_N.uasset" 671
"E:/UnrealProjects/Saiyora/Content/StarterContent/Textures/T_Metal_Rust_D.uasset" 672
"E:/UnrealProjects/Saiyora/Content/StarterContent/Materials/M_Metal_Rust.uasset" 673
"E:/UnrealProjects/Saiyora/Content/StarterContent/Textures/T_Metal_Gold_D.uasset" 674
"E:/UnrealProjects/Saiyora/Content/StarterContent/Materials/M_Metal_Gold.uasset" 675
"E:/UnrealProjects/Saiyora/Content/StarterContent/Materials/M_Metal_Chrome.uasset" 676
"E:/UnrealProjects/Saiyora/Content/StarterContent/Textures/T_Ground_Moss_N.uasset" 677
"E:/UnrealProjects/Saiyora/Content/StarterContent/Textures/T_ground_Moss_D.uasset" 678
"E:/UnrealProjects/Saiyora/Content/StarterContent/Materials/M_Ground_Moss.uasset" 679
"E:/UnrealProjects/Saiyora/Content/StarterContent/Textures/T_Ground_Gravel_N.uasset" 680
"E:/UnrealProjects/Saiyora/Content/StarterContent/Textures/T_Ground_Gravel_D.uasset" 681
"E:/UnrealProjects/Saiyora/Content/StarterContent/Materials/M_Ground_Gravel.uasset" 682
"E:/UnrealProjects/Saiyora/Content/StarterContent/Textures/T_Ground_Grass_N.uasset" 683
"E:/UnrealProjects/Saiyora/Content/StarterContent/Textures/T_Ground_Grass_D.uasset" 684
"E:/UnrealProjects/Saiyora/Content/StarterContent/Materials/M_Ground_Grass.uasset" 685
"E:/UnrealProjects/Saiyora/Content/StarterContent/Textures/T_Concrete_Tiles_Variation_M.uasset" 686
"E:/UnrealProjects/Saiyora/Content/StarterContent/Textures/T_Concrete_Tiles_N.uasset" 687
"E:/UnrealProjects/Saiyora/Content/StarterContent/Textures/T_Concrete_Tiles_M.uasset" 688
"E:/UnrealProjects/Saiyora/Content/StarterContent/Textures/T_Concrete_Tiles_D.uasset" 689
"E:/UnrealProjects/Saiyora/Content/StarterContent/Materials/M_Concrete_Tiles.uasset" 690
"E:/UnrealProjects/Saiyora/Content/StarterContent/Textures/T_Concrete_Panels_N.uasset" 691
"E:/UnrealProjects/Saiyora/Content/StarterContent/Textures/T_Concrete_Panels_D.uasset" 692
"E:/UnrealProjects/Saiyora/Content/StarterContent/Materials/M_Concrete_Panels.uasset" 693
"E:/UnrealProjects/Saiyora/Content/StarterContent/Textures/T_Concrete_Grime_D.uasset" 694
"E:/UnrealProjects/Saiyora/Content/StarterContent/Materials/M_Concrete_Grime.uasset" 695
"E:/UnrealProjects/Saiyora/Content/StarterContent/Textures/T_CobbleStone_Smooth_N.uasset" 696
"E:/UnrealProjects/Saiyora/Content/StarterContent/Textures/T_CobbleStone_Smooth_M.uasset" 697
"E:/UnrealProjects/Saiyora/Content/StarterContent/Textures/T_CobbleStone_Smooth_D.uasset" 698
"E:/UnrealProjects/Saiyora/Content/StarterContent/Textures/T_Rock_Smooth_Granite_D.uasset" 699
"E:/UnrealProjects/Saiyora/Content/StarterContent/Textures/T_Gradinet_01.uasset" 700
"E:/UnrealProjects/Saiyora/Content/StarterContent/Materials/M_CobbleStone_Smooth.uasset" 701
"E:/UnrealProjects/Saiyora/Content/StarterContent/Textures/T_CobbleStone_Rough_N.uasset" 702
"E:/UnrealProjects/Saiyora/Content/StarterContent/Textures/T_CobbleStone_Rough_D.uasset" 703
"E:/UnrealProjects/Saiyora/Content/StarterContent/Materials/M_CobbleStone_Rough.uasset" 704
"E:/UnrealProjects/Saiyora/Content/StarterContent/Textures/T_CobbleStone_Pebble_N.uasset" 705
"E:/UnrealProjects/Saiyora/Content/StarterContent/Textures/T_CobbleStone_Pebble_M.uasset" 706
"E:/UnrealProjects/Saiyora/Content/StarterContent/Textures/T_CobbleStone_Pebble_D.uasset" 707
"E:/UnrealProjects/Saiyora/Content/StarterContent/Materials/M_CobbleStone_Pebble.uasset" 708
"E:/UnrealProjects/Saiyora/Content/StarterContent/Textures/T_Ceramic_Tile_N.uasset" 709
"E:/UnrealProjects/Saiyora/Content/StarterContent/Textures/T_Ceramic_Tile_M.uasset" 710
"E:/UnrealProjects/Saiyora/Content/StarterContent/Materials/M_Ceramic_Tile_Checker.uasset" 711
"E:/UnrealProjects/Saiyora/Content/StarterContent/Textures/T_Brick_Hewn_Stone_N.uasset" 712
"E:/UnrealProjects/Saiyora/Content/StarterContent/Textures/T_Brick_Hewn_Stone_M.uasset" 713
"E:/UnrealProjects/Saiyora/Content/StarterContent/Textures/T_Brick_Hewn_Stone_D.uasset" 714
"E:/UnrealProjects/Saiyora/Content/StarterContent/Materials/M_Brick_Hewn_Stone.uasset" 715
"E:/UnrealProjects/Saiyora/Content/StarterContent/Textures/T_Brick_Cut_Stone_N.uasset" 716
"E:/UnrealProjects/Saiyora/Content/StarterContent/Textures/T_Brick_Cut_Stone_D.uasset" 717
"E:/UnrealProjects/Saiyora/Content/StarterContent/Materials/M_Brick_Cut_Stone.uasset" 718
"E:/UnrealProjects/Saiyora/Content/StarterContent/Textures/T_Brick_Clay_Old_N.uasset" 719
"E:/UnrealProjects/Saiyora/Content/StarterContent/Materials/M_Brick_Clay_Old.uasset" 720
"E:/UnrealProjects/Saiyora/Content/StarterContent/Textures/T_Brick_Clay_New_M.uasset" 721
"E:/UnrealProjects/Saiyora/Content/StarterContent/Textures/T_Brick_Clay_New_D.uasset" 722
"E:/UnrealProjects/Saiyora/Content/StarterContent/Materials/M_Brick_Clay_New.uasset" 723
"E:/UnrealProjects/Saiyora/Content/StarterContent/Textures/T_Brick_Clay_Beveled_N.uasset" 724
"E:/UnrealProjects/Saiyora/Content/StarterContent/Textures/T_Brick_Clay_Beveled_M.uasset" 725
"E:/UnrealProjects/Saiyora/Content/StarterContent/Textures/T_Brick_Clay_Beveled_D.uasset" 726
"E:/UnrealProjects/Saiyora/Content/StarterContent/Materials/M_Brick_Clay_Beveled.uasset" 727
"../../../Engine/Content/Functions/Engine_MaterialFunctions03/Procedurals/ComputeFilterWidth.uasset" 728
"../../../Engine/Content/EngineMaterials/AntiAliasedTextMaterialTranslucent.uasset" 729
"E:/UnrealProjects/Saiyora/Content/StarterContent/Maps/StarterMap_BuiltData.uasset" 730
"E:/UnrealProjects/Saiyora/Content/StarterContent/Textures/T_Concrete_Poured_N.uasset" 731
"E:/UnrealProjects/Saiyora/Content/StarterContent/Textures/T_Concrete_Poured_D.uasset" 732
"E:/UnrealProjects/Saiyora/Content/StarterContent/Materials/M_Concrete_Poured.uasset" 733
"E:/UnrealProjects/Saiyora/Content/StarterContent/Textures/T_Lamp_N.uasset" 734
"E:/UnrealProjects/Saiyora/Content/StarterContent/Textures/T_Lamp_M.uasset" 735
"E:/UnrealProjects/Saiyora/Content/StarterContent/Props/Materials/M_Lamp.uasset" 736
"E:/UnrealProjects/Saiyora/Content/StarterContent/Props/SM_Lamp_Wall.uasset" 737
"E:/UnrealProjects/Saiyora/Content/StarterContent/Blueprints/Blueprint_WallSconce.uasset" 738
"E:/UnrealProjects/Saiyora/Content/StarterContent/Audio/Steam01_Cue.uasset" 739
"E:/UnrealProjects/Saiyora/Content/StarterContent/Blueprints/Blueprint_Effect_Steam.uasset" 740
"E:/UnrealProjects/Saiyora/Content/StarterContent/Audio/Fire_Sparks01_Cue.uasset" 741
"E:/UnrealProjects/Saiyora/Content/StarterContent/Blueprints/Blueprint_Effect_Sparks.uasset" 742
"E:/UnrealProjects/Saiyora/Content/StarterContent/Particles/P_Smoke.uasset" 743
"E:/UnrealProjects/Saiyora/Content/StarterContent/Audio/Smoke01_Cue.uasset" 744
"E:/UnrealProjects/Saiyora/Content/StarterContent/Blueprints/Blueprint_Effect_Smoke.uasset" 745
"E:/UnrealProjects/Saiyora/Content/StarterContent/Audio/Fire01_Cue.uasset" 746
"E:/UnrealProjects/Saiyora/Content/StarterContent/Blueprints/Blueprint_Effect_Fire.uasset" 747
"E:/UnrealProjects/Saiyora/Content/StarterContent/Props/SM_Lamp_Ceiling.uasset" 748
"E:/UnrealProjects/Saiyora/Content/StarterContent/Blueprints/Blueprint_CeilingLight.uasset" 749
"E:/UnrealProjects/Saiyora/Content/StarterContent/Audio/Starter_Music_Cue.uasset" 750
"E:/UnrealProjects/Saiyora/Content/StarterContent/Audio/Collapse_Cue.uasset" 751
"E:/UnrealProjects/Saiyora/Content/StarterContent/Architecture/Wall_Window_400x300.uasset" 752
"E:/UnrealProjects/Saiyora/Content/StarterContent/Architecture/Wall_Door_400x300.uasset" 753
"E:/UnrealProjects/Saiyora/Content/StarterContent/Architecture/Wall_400x200.uasset" 754
"E:/UnrealProjects/Saiyora/Content/StarterContent/Maps/StarterMap.umap" 755
"../../../Engine/Content/Maps/Entry_BuiltData.uasset" 756
"../../../Engine/Content/Maps/Entry.umap" 757
