"../../../Engine/Content/Animation/DefaultAnimCurveCompressionSettings.uasset" 0
"../../../Engine/Content/Functions/Engine_MaterialFunctions01/Opacity/CameraDepthFade.uasset" 1
"../../../Engine/Content/EngineMaterials/T_Default_Material_Grid_M.uasset" 2
"../../../Engine/Content/EngineMaterials/T_Default_Material_Grid_N.uasset" 3
"../../../Engine/Content/EngineMaterials/WorldGridMaterial.uasset" 4
"../../../Engine/Content/ArtTools/RenderToTexture/Meshes/S_1_Unit_Plane.uasset" 5
"../../../Engine/Content/EngineMaterials/DefaultMaterial.uasset" 6
"../../../Engine/Content/BasicShapes/Cone.uasset" 7
"../../../Engine/Content/BasicShapes/Cylinder.uasset" 8
"../../../Engine/Content/BasicShapes/Plane.uasset" 9
"../../../Engine/Content/BasicShapes/Sphere.uasset" 10
"../../../Engine/Content/EditorLandscapeResources/DataLayer.uasset" 11
"../../../Engine/Content/EditorLandscapeResources/DefaultAlphaTexture.uasset" 12
"../../../Engine/Content/EditorMaterials/MAT_Groups_Toggle.uasset" 13
"../../../Engine/Content/EditorMaterials/MAT_Groups_Visibility.uasset" 14
"../../../Engine/Content/EditorMaterials/PreviewShadowIndicator.uasset" 15
"../../../Engine/Content/EditorMaterials/PreviewShadowIndicatorMaterial.uasset" 16
"../../../Engine/Content/EditorMaterials/MatineeGroups/MAT_ColorTrack.uasset" 17
"../../../Engine/Content/EditorMaterials/MatineeGroups/MAT_Groups_Anim.uasset" 18
"../../../Engine/Content/EditorMaterials/MatineeGroups/MAT_Groups_AudioMaster.uasset" 19
"../../../Engine/Content/EditorMaterials/MatineeGroups/MAT_Groups_Director.uasset" 20
"../../../Engine/Content/EditorMaterials/MatineeGroups/MAT_Groups_Event.uasset" 21
"../../../Engine/Content/EditorMaterials/MatineeGroups/MAT_Groups_Fade.uasset" 22
"../../../Engine/Content/EditorMaterials/MatineeGroups/MAT_Groups_Float.uasset" 23
"../../../Engine/Content/EditorMaterials/MatineeGroups/MAT_Groups_Move.uasset" 24
"../../../Engine/Content/EditorMaterials/MatineeGroups/MAT_Groups_Slomo.uasset" 25
"../../../Engine/Content/EditorMaterials/MatineeGroups/MAT_Groups_Sound.uasset" 26
"../../../Engine/Content/EditorMaterials/MatineeGroups/MAT_Groups_Vector.uasset" 27
"../../../Engine/Content/EditorMaterials/ParticleSystems/PSysThumbnail_NoImage.uasset" 28
"../../../Engine/Content/EditorMaterials/ParticleSystems/PSysThumbnail_OOD.uasset" 29
"../../../Engine/Content/EditorMaterials/Camera/CineMat.uasset" 30
"../../../Engine/Content/EditorMaterials/Camera/MI_CineMat_Rig.uasset" 31
"../../../Engine/Content/EditorMeshes/Camera/SM_CraneRig_Arm.uasset" 32
"../../../Engine/Content/EditorMeshes/Camera/SM_CraneRig_Base.uasset" 33
"../../../Engine/Content/EditorMeshes/Camera/SM_CraneRig_Body.uasset" 34
"../../../Engine/Content/EditorMeshes/Camera/SM_CraneRig_Mount.uasset" 35
"../../../Engine/Content/EditorMeshes/Camera/SM_RailRig_Mount.uasset" 36
"../../../Engine/Content/EditorMeshes/Camera/SM_RailRig_Track.uasset" 37
"../../../Engine/Content/EditorResources/BSPVertex.uasset" 38
"../../../Engine/Content/EditorResources/EmptyActor.uasset" 39
"../../../Engine/Content/EditorResources/S_Actor.uasset" 40
"../../../Engine/Content/EditorResources/S_Note.uasset" 41
"../../../Engine/Content/EditorResources/S_Solver.uasset" 42
"../../../Engine/Content/EditorResources/S_Terrain.uasset" 43
"../../../Engine/Content/EditorResources/S_Trigger.uasset" 44
"../../../Engine/Content/EditorResources/LightIcons/S_LightError.uasset" 45
"../../../Engine/Content/EditorResources/SequenceRecorder/Countdown.uasset" 46
"../../../Engine/Content/EditorResources/SequenceRecorder/RecordingIndicator.uasset" 47
"../../../Engine/Content/EngineDamageTypes/DmgTypeBP_Environmental.uasset" 48
"../../../Engine/Content/EngineDebugMaterials/DebugEditorMaterial.uasset" 49
"../../../Engine/Content/EngineDebugMaterials/DebugMeshMaterial.uasset" 50
"../../../Engine/Content/EngineDebugMaterials/M_SimpleUnlitTranslucent.uasset" 51
"../../../Engine/Content/EngineDebugMaterials/VolumeToRender.uasset" 52
"../../../Engine/Content/Functions/Engine_MaterialFunctions02/Utility/CameraDirectionVector.uasset" 53
"../../../Engine/Content/EngineDebugMaterials/M_VolumeRenderSphereTracePP.uasset" 54
"../../../Engine/Content/EngineFonts/Faces/RobotoRegular.uasset" 55
"../../../Engine/Content/EngineFonts/Faces/RobotoLight.uasset" 56
"../../../Engine/Content/EngineFonts/Faces/RobotoItalic.uasset" 57
"../../../Engine/Content/EngineFonts/Faces/RobotoBoldItalic.uasset" 58
"../../../Engine/Content/EngineFonts/Faces/RobotoBold.uasset" 59
"../../../Engine/Content/EngineFonts/Faces/DroidSansFallback.uasset" 60
"../../../Engine/Content/EngineFonts/Roboto.uasset" 61
"../../../Engine/Content/EngineMaterials/BaseFlattenNormalMap.uasset" 62
"../../../Engine/Content/EngineMaterials/BaseFlattenGrayscaleMap.uasset" 63
"../../../Engine/Content/EngineMaterials/BaseFlattenEmissiveMap.uasset" 64
"../../../Engine/Content/EngineMaterials/BaseFlattenDiffuseMap.uasset" 65
"../../../Engine/Content/EngineMaterials/BaseFlattenMaterial.uasset" 66
"../../../Engine/Content/EngineMaterials/BlueNoise.uasset" 67
"../../../Engine/Content/EngineMaterials/DefaultBloomKernel.uasset" 68
"../../../Engine/Content/EngineMaterials/DefaultBokeh.uasset" 69
"../../../Engine/Content/EngineMaterials/DefaultDiffuse.uasset" 70
"../../../Engine/Content/EngineMaterials/DefaultDeferredDecalMaterial.uasset" 71
"../../../Engine/Content/EngineMaterials/DefaultLightFunctionMaterial.uasset" 72
"../../../Engine/Content/EngineMaterials/DefaultPhysicalMaterial.uasset" 73
"../../../Engine/Content/Functions/Engine_MaterialFunctions02/Utility/BreakOutFloat2Components.uasset" 74
"../../../Engine/Content/EngineMaterials/DefaultPostProcessMaterial.uasset" 75
"../../../Engine/Content/EngineFonts/RobotoDistanceField.uasset" 76
"../../../Engine/Content/EngineMaterials/DefaultTextMaterialOpaque.uasset" 77
"../../../Engine/Content/EngineMaterials/DefaultWhiteGrid.uasset" 78
"../../../Engine/Content/EngineMaterials/DefaultWhiteGrid_Low.uasset" 79
"../../../Engine/Content/EngineMaterials/EmissiveMeshMaterial.uasset" 80
"../../../Engine/Content/EngineMaterials/GizmoMaterial.uasset" 81
"../../../Engine/Content/EngineMaterials/Good64x64TilingNoiseHighFreq.uasset" 82
"../../../Engine/Content/EngineMaterials/MiniFont.uasset" 83
"../../../Engine/Content/EngineMaterials/InvalidLightmapSettings.uasset" 84
"../../../Engine/Content/EngineMaterials/M_InvalidLightmapSettings.uasset" 85
"../../../Engine/Content/Functions/Engine_MaterialFunctions02/WorldPositionOffset/CameraOffset.uasset" 86
"../../../Engine/Content/EngineMaterials/PhAT_JointLimitMaterial.uasset" 87
"../../../Engine/Content/EngineMaterials/PreintegratedSkinBRDF.uasset" 88
"../../../Engine/Content/EngineMaterials/RemoveSurfaceMaterial.uasset" 89
"../../../Engine/Content/EngineMaterials/WeightMapPlaceholderTexture.uasset" 90
"../../../Engine/Content/EngineResources/WhiteSquareTexture.uasset" 91
"../../../Engine/Content/EngineMaterials/Widget3DPassThrough.uasset" 92
"../../../Engine/Content/EngineMaterials/Widget3DPassThrough_Masked.uasset" 93
"../../../Engine/Content/EngineMaterials/Widget3DPassThrough_Opaque.uasset" 94
"../../../Engine/Content/EngineMaterials/Widget3DPassThrough_Masked_OneSided.uasset" 95
"../../../Engine/Content/EngineMaterials/Widget3DPassThrough_Opaque_OneSided.uasset" 96
"../../../Engine/Content/EngineMaterials/Widget3DPassThrough_Translucent.uasset" 97
"../../../Engine/Content/EngineMaterials/Widget3DPassThrough_Translucent_OneSided.uasset" 98
"../../../Engine/Content/EngineMeshes/Cylinder.uasset" 99
"../../../Engine/Content/EngineMeshes/Sphere.uasset" 100
"../../../Engine/Content/EngineResources/Black.uasset" 101
"../../../Engine/Content/EngineResources/DefaultTextureCube.uasset" 102
"../../../Engine/Content/EngineResources/DefaultVolumeTexture2D.uasset" 103
"../../../Engine/Content/EngineResources/DefaultVolumeTexture.uasset" 104
"../../../Engine/Content/EngineResources/GradientTexture0.uasset" 105
"../../../Engine/Content/EngineSky/VolumetricClouds/T_NoiseShape64.uasset" 106
"../../../Engine/Content/EngineSky/VolumetricClouds/T_VolumeNoiseShape64.uasset" 107
"../../../Engine/Content/EngineSky/VolumetricClouds/T_NoiseErosion.uasset" 108
"../../../Engine/Content/EngineSky/VolumetricClouds/T_VolumeNoiseErosion32.uasset" 109
"../../../Engine/Content/EngineSky/VolumetricClouds/CloudWeatherTexture.uasset" 110
"../../../Engine/Content/EngineSky/VolumetricClouds/CloudGradientTexture.uasset" 111
"../../../Engine/Content/Functions/Engine_MaterialFunctions02/Utility/MakeFloat2.uasset" 112
"../../../Engine/Content/EngineSky/VolumetricClouds/m_SimpleVolumetricCloud.uasset" 113
"../../../Engine/Content/EngineSky/VolumetricClouds/m_SimpleVolumetricCloud_Inst.uasset" 114
"../../../Engine/Content/EngineSounds/Master.uasset" 115
"../../../Engine/Content/Functions/Engine_MaterialFunctions01/Shading/ConvertFromDiffSpec.uasset" 116
"../../../Engine/Content/Functions/Engine_MaterialFunctions01/Shading/PowerToRoughness.uasset" 117
"../../../Engine/Content/Maps/Templates/Thumbnails/Default.uasset" 118
"../../../Engine/Content/Maps/Templates/Thumbnails/TimeOfDay.uasset" 119
"../../../Engine/Content/Maps/Templates/Thumbnails/VR-Basic.uasset" 120
"../../../Engine/Content/MobileResources/T_MobileControls_texture.uasset" 121
"../../../Engine/Content/MobileResources/T_MobileMenu2.uasset" 122
"../../../Engine/Content/MobileResources/HUD/AnalogHat.uasset" 123
"../../../Engine/Content/MobileResources/HUD/VirtualJoystick_Thumb.uasset" 124
"../../../Engine/Content/MobileResources/HUD/VirtualJoystick_Background.uasset" 125
"../../../Engine/Content/MobileResources/HUD/DefaultVirtualJoysticks.uasset" 126
"../../../Engine/Content/MobileResources/HUD/LeftVirtualJoystickOnly.uasset" 127
"../../../Engine/Content/MobileResources/HUD/MobileHUDButton1_off.uasset" 128
"../../../Engine/Content/MobileResources/HUD/MobileHUDButton1_on.uasset" 129
"../../../Engine/Content/MobileResources/HUD/MobileHUDButton2_off.uasset" 130
"../../../Engine/Content/MobileResources/HUD/MobileHUDButton2_on.uasset" 131
"../../../Engine/Content/MobileResources/HUD/MobileHUDButton3.uasset" 132
"../../../Engine/Content/MobileResources/HUD/MobileHUDButtonFire.uasset" 133
"../../../Engine/Content/MobileResources/HUD/MobileHUDDirectionPad.uasset" 134
"../../../Engine/Content/MobileResources/HUD/MobileHUDDirectionPad2.uasset" 135
"../../../Engine/Content/MobileResources/HUD/MobileHUDDirectionPad3.uasset" 136
"../../../Engine/Content/MobileResources/HUD/MobileHUDDirectionStick.uasset" 137
"../../../Engine/Content/MobileResources/HUD/T_Castle_ThumbstickInner.uasset" 138
"../../../Engine/Content/MobileResources/HUD/T_Castle_ThumbstickOutter.uasset" 139
"../../../Engine/Content/Tutorial/ContentIntroCurve.uasset" 140
"../../../Engine/Content/Tutorial/Basics/LevelEditorAttract.uasset" 141
"../../../Engine/Content/Tutorial/Basics/TutorialAssets/icon_tab_Levels_40x.uasset" 142
"../../../Engine/Content/Tutorial/Basics/LevelEditorOverview.uasset" 143
"../../../Engine/Content/VREditor/TransformGizmo/TranslucentTransformGizmoMaterial.uasset" 144
"../../../Engine/Content/VREditor/LaserPointer/VR_LaserPower_01.uasset" 145
"../../../Engine/Content/VREditor/TransformGizmo/TransformGizmoMaterial.uasset" 146
"../../../Engine/Content/VREditor/TransformGizmo/BoundingBoxCorner.uasset" 147
"../../../Engine/Content/VREditor/TransformGizmo/BoundingBoxEdge.uasset" 148
"../../../Engine/Content/VREditor/TransformGizmo/PlaneTranslationHandle.uasset" 149
"../../../Engine/Content/VREditor/TransformGizmo/Xray.uasset" 150
"../../../Engine/Content/VREditor/TransformGizmo/Main.uasset" 151
"../../../Engine/Content/VREditor/TransformGizmo/SM_Sequencer_Key.uasset" 152
"../../../Engine/Content/VREditor/TransformGizmo/SM_Sequencer_Node.uasset" 153
"../../../Engine/Content/Functions/Engine_MaterialFunctions02/Utility/BreakOutFloat3Components.uasset" 154
"../../Plugins/Editor/SpeedTreeImporter/Content/SpeedTree9/UnpackInteger3.uasset" 155
"../../Plugins/Editor/SpeedTreeImporter/Content/SpeedTree9/UnpackDirection.uasset" 156
"../../Plugins/Editor/SpeedTreeImporter/Content/SpeedTree9/game_wind_noise.uasset" 157
"../../../Engine/Content/Functions/Engine_MaterialFunctions02/SafeNormalize.uasset" 158
"../../Plugins/Editor/SpeedTreeImporter/Content/SpeedTree9/SpeedTreeWindMotion.uasset" 159
"../../Plugins/Editor/SpeedTreeImporter/Content/SpeedTree9/SpeedTreeBranchMotion.uasset" 160
"../../../Engine/Content/Functions/Engine_MaterialFunctions02/ObjectLocalBounds.uasset" 161
"../../../Engine/Content/Functions/Engine_MaterialFunctions02/UVs/BoundingBoxBased_0-1_UVW.uasset" 162
"../../Plugins/Editor/SpeedTreeImporter/Content/SpeedTree9/SpeedTreeWind.uasset" 163
"../../Plugins/Editor/SpeedTreeImporter/Content/SpeedTree9/SpeedTreeBillboard.uasset" 164
"../../../Engine/Content/EngineResources/DefaultTexture.uasset" 165
"../../Plugins/Editor/SpeedTreeImporter/Content/SpeedTree9/SpeedTreeBillboardMaster.uasset" 166
"../../Plugins/Editor/SpeedTreeImporter/Content/SpeedTree9/SpeedTreeCameraFacing.uasset" 167
"../../Plugins/Editor/SpeedTreeImporter/Content/SpeedTree9/SpeedTreeMaster.uasset" 168
"../../../Engine/Content/BasicShapes/Cube.uasset" 169
"E:/UnrealProjects/Saiyora/Content/Saiyora/Maps/PlaygroundStuff/M_LightBlock.uasset" 170
"E:/UnrealProjects/Saiyora/Content/Saiyora/Maps/PlaygroundLevel_BuiltData.uasset" 171
"../../../Engine/Content/EditorMeshes/ArcadeEditorSphere.uasset" 172
"E:/UnrealProjects/Saiyora/Content/Saiyora/Experiments/TestStealAbilityInterface.uasset" 173
"../../../Engine/Content/EngineResources/AICON-Green.uasset" 174
"E:/UnrealProjects/Saiyora/Content/Saiyora/Experiments/TestAbility3.uasset" 175
"E:/UnrealProjects/Saiyora/Content/Saiyora/Experiments/StealAbilityTestEnemy.uasset" 176
"../../../Engine/Content/EditorBlueprintResources/StandardMacros.uasset" 177
"E:/UnrealProjects/Saiyora/Content/Saiyora/UI/WBP_ResourceBar.uasset" 178
"E:/UnrealProjects/Saiyora/Content/Saiyora/UI/WBP_ResourceContainer.uasset" 179
"E:/UnrealProjects/Saiyora/Content/Saiyora/UI/WBP_PlayerHealthBar.uasset" 180
"E:/UnrealProjects/Saiyora/Content/Saiyora/UI/E_BuffWidgetState.uasset" 181
"E:/UnrealProjects/Saiyora/Content/Saiyora/UI/WBP_DebuffDisplay.uasset" 182
"E:/UnrealProjects/Saiyora/Content/Saiyora/UI/WBP_DebuffContainer.uasset" 183
"../../../Engine/Content/ArtTools/RenderToTexture/Textures/127grey.uasset" 184
"E:/UnrealProjects/Saiyora/Content/Saiyora/UI/WBP_CastBar.uasset" 185
"E:/UnrealProjects/Saiyora/Content/Saiyora/UI/WBP_BuffDisplay.uasset" 186
"E:/UnrealProjects/Saiyora/Content/Saiyora/UI/WBP_BuffContainer.uasset" 187
"E:/UnrealProjects/Saiyora/Content/Saiyora/UI/BPFL_UiFunctions.uasset" 188
"E:/UnrealProjects/Saiyora/Content/Saiyora/UI/WBP_ActionSlot.uasset" 189
"E:/UnrealProjects/Saiyora/Content/Saiyora/UI/WBP_ActionBar.uasset" 190
"E:/UnrealProjects/Saiyora/Content/Saiyora/UI/CrosshairDefault.uasset" 191
"../../../Engine/Content/EditorBlueprintResources/ActorMacros.uasset" 192
"E:/UnrealProjects/Saiyora/Content/Saiyora/Player/BPI_Controlled.uasset" 193
"../../../Engine/Content/Animation/DefaultAnimBoneCompressionSettings.uasset" 194
"E:/UnrealProjects/Saiyora/Content/AnimStarterPack/UE4_Mannequin/Mesh/UE4_Mannequin_Skeleton.uasset" 195
"E:/UnrealProjects/Saiyora/Content/AnimStarterPack/SaiyoraJumpStart.uasset" 196
"E:/UnrealProjects/Saiyora/Content/AnimStarterPack/SaiyoraJumpLoop.uasset" 197
"E:/UnrealProjects/Saiyora/Content/AnimStarterPack/SaiyoraJumpEnd.uasset" 198
"E:/UnrealProjects/Saiyora/Content/AnimStarterPack/Idle_Rifle_Hip.uasset" 199
"E:/UnrealProjects/Saiyora/Content/AnimStarterPack/Crouch_Walk_Bwd_Rifle_Hip.uasset" 200
"E:/UnrealProjects/Saiyora/Content/AnimStarterPack/Crouch_Walk_Fwd_Rifle_Hip.uasset" 201
"E:/UnrealProjects/Saiyora/Content/AnimStarterPack/Crouch_Walk_Lt_Rifle_Hip.uasset" 202
"E:/UnrealProjects/Saiyora/Content/AnimStarterPack/Crouch_Walk_Rt_Rifle_Hip.uasset" 203
"E:/UnrealProjects/Saiyora/Content/AnimStarterPack/BS_CrouchWalk.uasset" 204
"E:/UnrealProjects/Saiyora/Content/AnimStarterPack/Jog_Bwd_Rifle.uasset" 205
"E:/UnrealProjects/Saiyora/Content/AnimStarterPack/Jog_Fwd_Rifle.uasset" 206
"E:/UnrealProjects/Saiyora/Content/AnimStarterPack/Jog_Lt_Rifle.uasset" 207
"E:/UnrealProjects/Saiyora/Content/AnimStarterPack/Jog_Rt_Rifle.uasset" 208
"E:/UnrealProjects/Saiyora/Content/AnimStarterPack/BS_Jog.uasset" 209
"E:/UnrealProjects/Saiyora/Content/AnimStarterPack/Crouch_Idle_Rifle_Hip.uasset" 210
"E:/UnrealProjects/Saiyora/Content/Saiyora/Player/ABP_CombatPlayer.uasset" 211
"E:/UnrealProjects/Saiyora/Content/Saiyora/Experiments/E_ResourceRechargeAction.uasset" 212
"E:/UnrealProjects/Saiyora/Content/Saiyora/Experiments/BP_RegeneratingResource.uasset" 213
"E:/UnrealProjects/Saiyora/Content/Saiyora/Experiments/BP_Mana.uasset" 214
"E:/UnrealProjects/Saiyora/Content/Saiyora/Experiments/TestWeapon.uasset" 215
"E:/UnrealProjects/Saiyora/Content/Saiyora/Experiments/TestSMG.uasset" 216
"E:/UnrealProjects/Saiyora/Content/Saiyora/Experiments/TestPistol.uasset" 217
"../../../Engine/Content/EditorMaterials/Cascade/CASC_ModuleDisable.uasset" 218
"E:/UnrealProjects/Saiyora/Content/StarterContent/Textures/T_Brick_Clay_New_N.uasset" 219
"../../../Engine/Content/Functions/Engine_MaterialFunctions01/Gradient/RadialGradient.uasset" 220
"E:/UnrealProjects/Saiyora/Content/StarterContent/Particles/Materials/M_Radial_Gradient.uasset" 221
"E:/UnrealProjects/Saiyora/Content/StarterContent/Textures/T_Water_N.uasset" 222
"E:/UnrealProjects/Saiyora/Content/StarterContent/Particles/Materials/M_Heat_Distortion.uasset" 223
"E:/UnrealProjects/Saiyora/Content/StarterContent/Textures/T_Fire_Tiled_D.uasset" 224
"E:/UnrealProjects/Saiyora/Content/StarterContent/Textures/T_Fire_SubUV.uasset" 225
"E:/UnrealProjects/Saiyora/Content/StarterContent/Particles/Materials/M_Fire_SubUV.uasset" 226
"E:/UnrealProjects/Saiyora/Content/StarterContent/Textures/T_Smoke_Tiled_D.uasset" 227
"E:/UnrealProjects/Saiyora/Content/StarterContent/Textures/T_Smoke_SubUV.uasset" 228
"E:/UnrealProjects/Saiyora/Content/StarterContent/Particles/Materials/M_smoke_subUV.uasset" 229
"E:/UnrealProjects/Saiyora/Content/StarterContent/Particles/P_Fire.uasset" 230
"E:/UnrealProjects/Saiyora/Content/Saiyora/Experiments/TESTBUFF1.uasset" 231
"E:/UnrealProjects/Saiyora/Content/Saiyora/Experiments/TEST_Stun.uasset" 232
"E:/UnrealProjects/Saiyora/Content/Saiyora/Experiments/TESTABILITY2.uasset" 233
"E:/UnrealProjects/Saiyora/Content/StarterContent/Particles/P_Steam_Lit.uasset" 234
"E:/UnrealProjects/Saiyora/Content/StarterContent/Textures/T_Spark_Core.uasset" 235
"E:/UnrealProjects/Saiyora/Content/StarterContent/Particles/Materials/M_Spark.uasset" 236
"E:/UnrealProjects/Saiyora/Content/StarterContent/Particles/P_Sparks.uasset" 237
"../../../Engine/Content/Tutorial/SubEditors/TutorialAssets/T_soft_smoke.uasset" 238
"../../../Engine/Content/Tutorial/SubEditors/TutorialAssets/T_SmokeSubUV_8X8.uasset" 239
"../../../Engine/Content/Tutorial/SubEditors/TutorialAssets/M_smoke_subUV_blackbody.uasset" 240
"../../../Engine/Content/Tutorial/SubEditors/TutorialAssets/TutorialParticleSystem.uasset" 241
"../../../Engine/Content/EditorMaterials/Cascade/CASC_CurveEd.uasset" 242
"E:/UnrealProjects/Saiyora/Content/StarterContent/Textures/T_Brick_Clay_Old_D.uasset" 243
"E:/UnrealProjects/Saiyora/Content/Saiyora/Experiments/TESTBUFF.uasset" 244
"E:/UnrealProjects/Saiyora/Content/Saiyora/Experiments/TESTABILITY.uasset" 245
"E:/UnrealProjects/Saiyora/Content/Saiyora/Experiments/DT_TestStatTable.uasset" 246
"E:/UnrealProjects/Saiyora/Content/AnimStarterPack/UE4_Mannequin/Mesh/SK_Mannequin_PhysicsAsset.uasset" 247
"E:/UnrealProjects/Saiyora/Content/AnimStarterPack/UE4_Mannequin/Textures/UE4Man_Logo_N.uasset" 248
"E:/UnrealProjects/Saiyora/Content/AnimStarterPack/UE4_Mannequin/Textures/UE4_Mannequin_occlusion_Mobile.uasset" 249
"E:/UnrealProjects/Saiyora/Content/AnimStarterPack/UE4_Mannequin/Textures/UE4_Mannequin_MAT_MASKA.uasset" 250
"E:/UnrealProjects/Saiyora/Content/AnimStarterPack/UE4_Mannequin/Textures/UE4_Mannequin__normals.uasset" 251
"E:/UnrealProjects/Saiyora/Content/AnimStarterPack/UE4_Mannequin/Materials/MaterialLayers/T_ML_Aluminum01_N.uasset" 252
"E:/UnrealProjects/Saiyora/Content/AnimStarterPack/UE4_Mannequin/Materials/MaterialLayers/T_ML_Aluminum01.uasset" 253
"E:/UnrealProjects/Saiyora/Content/AnimStarterPack/UE4_Mannequin/Materials/MaterialLayers/ML_SoftMetal_UE4.uasset" 254
"E:/UnrealProjects/Saiyora/Content/AnimStarterPack/UE4_Mannequin/Textures/UE4_LOGO_CARD.uasset" 255
"E:/UnrealProjects/Saiyora/Content/AnimStarterPack/UE4_Mannequin/Materials/MaterialLayers/ML_Plastic_Shiny_Beige_LOGO.uasset" 256
"E:/UnrealProjects/Saiyora/Content/AnimStarterPack/UE4_Mannequin/Materials/MaterialLayers/ML_Plastic_Shiny_Beige.uasset" 257
"E:/UnrealProjects/Saiyora/Content/AnimStarterPack/UE4_Mannequin/Materials/MaterialLayers/T_ML_Rubber_Blue_01_N.uasset" 258
"E:/UnrealProjects/Saiyora/Content/AnimStarterPack/UE4_Mannequin/Materials/MaterialLayers/T_ML_Rubber_Blue_01_D.uasset" 259
"E:/UnrealProjects/Saiyora/Content/AnimStarterPack/UE4_Mannequin/Materials/MaterialLayers/ML_GlossyBlack_Latex_UE4.uasset" 260
"../../../Engine/Content/Functions/MaterialLayerFunctions/MatLayerBlend_Simple.uasset" 261
"../../../Engine/Content/Functions/Engine_MaterialFunctions02/Utility/BlendAngleCorrectedNormals.uasset" 262
"../../../Engine/Content/Functions/MaterialLayerFunctions/MatLayerBlend_NormalBlend.uasset" 263
"../../../Engine/Content/Functions/MaterialLayerFunctions/MatLayerBlend_AO.uasset" 264
"E:/UnrealProjects/Saiyora/Content/AnimStarterPack/UE4_Mannequin/Materials/M_UE4Man_Body.uasset" 265
"E:/UnrealProjects/Saiyora/Content/AnimStarterPack/UE4_Mannequin/Materials/M_UE4Man_ChestLogo.uasset" 266
"E:/UnrealProjects/Saiyora/Content/AnimStarterPack/UE4_Mannequin/Mesh/SK_Mannequin.uasset" 267
"E:/UnrealProjects/Saiyora/Content/Saiyora/Player/BP_CombatPlayer.uasset" 268
"E:/UnrealProjects/Saiyora/Content/Saiyora/UI/WBP_PlayerUI.uasset" 269
"E:/UnrealProjects/Saiyora/Content/Saiyora/Player/S_MovementInput.uasset" 270
"E:/UnrealProjects/Saiyora/Content/Saiyora/Player/BP_CombatPlayerController.uasset" 271
"E:/UnrealProjects/Saiyora/Content/Saiyora/Experiments/BP_SaiyoraGameState.uasset" 272
"E:/UnrealProjects/Saiyora/Content/Saiyora/Experiments/BP_SaiyoraGameMode.uasset" 273
"E:/UnrealProjects/Saiyora/Content/Marketplace/SuperGrid/StarterPack/Source/Textures/T_BasicGrid_M.uasset" 274
"E:/UnrealProjects/Saiyora/Content/Marketplace/SuperGrid/StarterPack/Materials/Functions/UV/UV_SetupGrid.uasset" 275
"E:/UnrealProjects/Saiyora/Content/Marketplace/SuperGrid/StarterPack/Materials/Functions/Texture/Tex_SimpleGrid.uasset" 276
"E:/UnrealProjects/Saiyora/Content/Marketplace/SuperGrid/StarterPack/Materials/Functions/Basic/Roughness.uasset" 277
"../../../Engine/Content/Functions/Engine_MaterialFunctions02/Utility/MakeFloat3.uasset" 278
"E:/UnrealProjects/Saiyora/Content/Marketplace/SuperGrid/StarterPack/Materials/Functions/Basic/MakeSet.uasset" 279
"../../../Engine/Content/Functions/Engine_MaterialFunctions02/Utility/VectorLength.uasset" 280
"../../../Engine/Content/Functions/Engine_MaterialFunctions02/WorldPositionOffset/ObjectScale.uasset" 281
"../../../Engine/Content/Functions/Engine_MaterialFunctions02/Utility/Sign.uasset" 282
"../../../Engine/Content/Functions/Engine_MaterialFunctions02/Utility/Round.uasset" 283
"E:/UnrealProjects/Saiyora/Content/Marketplace/SuperGrid/StarterPack/Materials/Functions/UV/UV_ObjectScalable.uasset" 284
"E:/UnrealProjects/Saiyora/Content/Marketplace/SuperGrid/StarterPack/Materials/Functions/Basic/BreakSet.uasset" 285
"E:/UnrealProjects/Saiyora/Content/Marketplace/SuperGrid/StarterPack/Materials/Functions/Texture/Dye_SingleColor.uasset" 286
"E:/UnrealProjects/Saiyora/Content/Marketplace/SuperGrid/StarterPack/Source/Textures/T_BasicGrid_N.uasset" 287
"E:/UnrealProjects/Saiyora/Content/Marketplace/SuperGrid/StarterPack/Materials/Base/M_SuperGrid_SingleColor.uasset" 288
"E:/UnrealProjects/Saiyora/Content/Marketplace/SuperGrid/StarterPack/Materials/Palette/Grids/M_SuperGrid_Default.uasset" 289
"E:/UnrealProjects/Saiyora/Content/Marketplace/SuperGrid/StarterPack/Source/Meshes/SuperGrid_RingQuarter.uasset" 290
"E:/UnrealProjects/Saiyora/Content/Marketplace/SuperGrid/StarterPack/Source/Meshes/SuperGrid_Pyramide.uasset" 291
"E:/UnrealProjects/Saiyora/Content/Marketplace/SuperGrid/StarterPack/Source/Meshes/SuperGrid_Plane.uasset" 292
"E:/UnrealProjects/Saiyora/Content/Marketplace/SuperGrid/StarterPack/Source/Meshes/SuperGrid_CylinderHalf.uasset" 293
"E:/UnrealProjects/Saiyora/Content/Marketplace/SuperGrid/StarterPack/Source/Meshes/SuperGrid_Slope.uasset" 294
"E:/UnrealProjects/Saiyora/Content/Marketplace/SuperGrid/StarterPack/Source/Meshes/SuperGrid_Arch1.uasset" 295
"E:/UnrealProjects/Saiyora/Content/Marketplace/SuperGrid/StarterPack/Source/Meshes/SuperGrid_CylinderFull.uasset" 296
"E:/UnrealProjects/Saiyora/Content/Marketplace/SuperGrid/StarterPack/Source/Meshes/SuperGrid_Box.uasset" 297
"E:/UnrealProjects/Saiyora/Content/Saiyora/Maps/PlaygroundLevel.umap" 298
